{"/app/api/index.js":{"path":"/app/api/index.js","statementMap":{"0":{"start":{"line":3,"column":29},"end":{"line":3,"column":84}},"1":{"start":{"line":5,"column":0},"end":{"line":7,"column":3}},"2":{"start":{"line":8,"column":0},"end":{"line":8,"column":28}},"3":{"start":{"line":10,"column":15},"end":{"line":10,"column":57}},"4":{"start":{"line":12,"column":18},"end":{"line":12,"column":64}},"5":{"start":{"line":14,"column":21},"end":{"line":14,"column":85}},"6":{"start":{"line":16,"column":19},"end":{"line":16,"column":81}},"7":{"start":{"line":18,"column":19},"end":{"line":18,"column":81}},"8":{"start":{"line":20,"column":10},"end":{"line":20,"column":36}},"9":{"start":{"line":21,"column":0},"end":{"line":21,"column":39}},"10":{"start":{"line":22,"column":0},"end":{"line":24,"column":4}},"11":{"start":{"line":25,"column":11},"end":{"line":25,"column":35}},"12":{"start":{"line":26,"column":0},"end":{"line":26,"column":52}},"13":{"start":{"line":27,"column":0},"end":{"line":27,"column":48}},"14":{"start":{"line":28,"column":0},"end":{"line":28,"column":48}},"15":{"start":{"line":29,"column":0},"end":{"line":33,"column":3}},"16":{"start":{"line":30,"column":2},"end":{"line":32,"column":5}},"17":{"start":{"line":34,"column":0},"end":{"line":36,"column":3}},"18":{"start":{"line":35,"column":2},"end":{"line":35,"column":57}},"19":{"start":{"line":37,"column":15},"end":{"line":37,"column":18}},"20":{"start":{"line":38,"column":0},"end":{"line":38,"column":30}}},"fnMap":{"0":{"name":"(anonymous_0)","decl":{"start":{"line":29,"column":13},"end":{"line":29,"column":14}},"loc":{"start":{"line":29,"column":33},"end":{"line":33,"column":1}},"line":29},"1":{"name":"(anonymous_1)","decl":{"start":{"line":34,"column":17},"end":{"line":34,"column":18}},"loc":{"start":{"line":34,"column":29},"end":{"line":36,"column":1}},"line":34}},"branchMap":{"0":{"loc":{"start":{"line":25,"column":11},"end":{"line":25,"column":35}},"type":"binary-expr","locations":[{"start":{"line":25,"column":11},"end":{"line":25,"column":27}},{"start":{"line":25,"column":31},"end":{"line":25,"column":35}}],"line":25}},"s":{"0":1,"1":1,"2":1,"3":1,"4":1,"5":1,"6":1,"7":1,"8":1,"9":1,"10":1,"11":1,"12":1,"13":1,"14":1,"15":1,"16":0,"17":1,"18":1,"19":1,"20":1},"f":{"0":0,"1":1},"b":{"0":[1,1]},"inputSourceMap":{"version":3,"sources":["index.js"],"names":["app","use","bodyParser","json","urlencoded","extended","port","process","env","PORT","productRoutes","orderRoutes","tableRoutes","get","req","res","status","send","message","listen","console","log"],"mappings":";;;;;;;;;AAAA;;AACA;;AACA;;AACA;;AACA;;AAEA,IAAMA,GAAG,GAAG,0BAAZ;AACAA,GAAG,CAACC,GAAJ,CAAQC,uBAAWC,IAAX,EAAR;AACAH,GAAG,CAACC,GAAJ,CAAQC,uBAAWE,UAAX,CAAsB;AAAEC,EAAAA,QAAQ,EAAE;AAAZ,CAAtB,CAAR;AAEA,IAAMC,IAAI,GAAGC,OAAO,CAACC,GAAR,CAAYC,IAAZ,IAAoB,IAAjC;AAEAT,GAAG,CAACC,GAAJ,CAAQ,eAAR,EAAyBS,yBAAzB;AACAV,GAAG,CAACC,GAAJ,CAAQ,aAAR,EAAuBU,uBAAvB;AACAX,GAAG,CAACC,GAAJ,CAAQ,aAAR,EAAuBW,uBAAvB;AAEAZ,GAAG,CAACa,GAAJ,CAAQ,GAAR,EAAa,UAACC,GAAD,EAAMC,GAAN;AAAA,SAAcA,GAAG,CAACC,MAAJ,CAAW,GAAX,EAAgBC,IAAhB,CAAqB;AAC9CC,IAAAA,OAAO,EAAE;AADqC,GAArB,CAAd;AAAA,CAAb;AAIAlB,GAAG,CAACmB,MAAJ,CAAWb,IAAX,EAAiB,YAAM;AACrBc,EAAAA,OAAO,CAACC,GAAR,qCAAyCf,IAAzC;AACD,CAFD;eAIeN,G","sourceRoot":"/app/api","sourcesContent":["import express from 'express';\nimport bodyParser from 'body-parser';\nimport productRoutes from './server/routes/ProductRoutes'\nimport orderRoutes from './server/routes/OrderRoutes'\nimport tableRoutes from './server/routes/TableRoutes'\n\nconst app = express();\napp.use(bodyParser.json())\napp.use(bodyParser.urlencoded({ extended: false }))\n\nconst port = process.env.PORT || 3000\n\napp.use('/api/products', productRoutes);\napp.use('/api/orders', orderRoutes);\napp.use('/api/tables', tableRoutes);\n\napp.get('*', (req, res) => res.status(200).send({\n  message: 'Listagem de produtos'\n}))\n\napp.listen(port, () => {\n  console.log(`Server is running on PORT ${port}`)\n})\n\nexport default app;"]},"_coverageSchema":"1a1c01bbd47fc00a2c39e90264f33305004495a9","hash":"7a86e720e8e37ea0e22e5028891e1ab8f2504e31","contentHash":"39f71f9090533d2ec7b4207783d1a9787c9e2340d194984a0d8fd06b10b4d743"},"/app/api/server/routes/ProductRoutes.js":{"path":"/app/api/server/routes/ProductRoutes.js","statementMap":{"0":{"start":{"line":3,"column":29},"end":{"line":3,"column":84}},"1":{"start":{"line":5,"column":0},"end":{"line":7,"column":3}},"2":{"start":{"line":8,"column":0},"end":{"line":8,"column":28}},"3":{"start":{"line":10,"column":15},"end":{"line":10,"column":33}},"4":{"start":{"line":12,"column":25},"end":{"line":12,"column":92}},"5":{"start":{"line":14,"column":13},"end":{"line":14,"column":35}},"6":{"start":{"line":15,"column":0},"end":{"line":15,"column":62}},"7":{"start":{"line":16,"column":0},"end":{"line":16,"column":59}},"8":{"start":{"line":17,"column":0},"end":{"line":17,"column":61}},"9":{"start":{"line":18,"column":0},"end":{"line":18,"column":65}},"10":{"start":{"line":19,"column":0},"end":{"line":19,"column":70}},"11":{"start":{"line":20,"column":15},"end":{"line":20,"column":21}},"12":{"start":{"line":21,"column":0},"end":{"line":21,"column":30}}},"fnMap":{},"branchMap":{},"s":{"0":1,"1":1,"2":1,"3":1,"4":1,"5":1,"6":1,"7":1,"8":1,"9":1,"10":1,"11":1,"12":1},"f":{},"b":{},"inputSourceMap":{"version":3,"sources":["ProductRoutes.js"],"names":["router","get","ProductController","getAllProducts","post","addProduct","getProduct","put","updatedProduct","deleteProduct"],"mappings":";;;;;;;;;AAAA;;AACA;;AAEA,IAAMA,MAAM,GAAG,sBAAf;AACAA,MAAM,CAACC,GAAP,CAAW,GAAX,EAAgBC,8BAAkBC,cAAlC;AACAH,MAAM,CAACI,IAAP,CAAY,GAAZ,EAAiBF,8BAAkBG,UAAnC;AACAL,MAAM,CAACC,GAAP,CAAW,MAAX,EAAmBC,8BAAkBI,UAArC;AACAN,MAAM,CAACO,GAAP,CAAW,MAAX,EAAmBL,8BAAkBM,cAArC;AACAR,MAAM,UAAN,CAAc,MAAd,EAAsBE,8BAAkBO,aAAxC;eAEeT,M","sourceRoot":"/app/api/server/routes","sourcesContent":["import { Router } from 'express'\nimport ProductController from '../controllers/ProductController'\n\nconst router = Router()\nrouter.get('/', ProductController.getAllProducts)\nrouter.post('/', ProductController.addProduct)\nrouter.get('/:id', ProductController.getProduct)\nrouter.put('/:id', ProductController.updatedProduct)\nrouter.delete('/:id', ProductController.deleteProduct)\n\nexport default router"]},"_coverageSchema":"1a1c01bbd47fc00a2c39e90264f33305004495a9","hash":"1fdc3a546be0b57bfba837c209769a0cb7ac89b7","contentHash":"218321a9ee0d9f0084437d80eca1aade5100cf6f4001cf2571e5f44124c3f70b"},"/app/api/server/controllers/ProductController.js":{"path":"/app/api/server/controllers/ProductController.js","statementMap":{"0":{"start":{"line":3,"column":29},"end":{"line":3,"column":84}},"1":{"start":{"line":5,"column":0},"end":{"line":7,"column":3}},"2":{"start":{"line":8,"column":0},"end":{"line":8,"column":28}},"3":{"start":{"line":10,"column":19},"end":{"line":10,"column":80}},"4":{"start":{"line":12,"column":25},"end":{"line":12,"column":99}},"5":{"start":{"line":14,"column":22},"end":{"line":14,"column":83}},"6":{"start":{"line":16,"column":13},"end":{"line":16,"column":62}},"7":{"start":{"line":18,"column":11},"end":{"line":18,"column":34}},"8":{"start":{"line":22,"column":0},"end":{"line":63,"column":3}},"9":{"start":{"line":23,"column":13},"end":{"line":58,"column":5}},"10":{"start":{"line":27,"column":4},"end":{"line":57,"column":32}},"11":{"start":{"line":28,"column":6},"end":{"line":56,"column":7}},"12":{"start":{"line":29,"column":8},"end":{"line":55,"column":9}},"13":{"start":{"line":31,"column":12},"end":{"line":31,"column":30}},"14":{"start":{"line":32,"column":12},"end":{"line":32,"column":30}},"15":{"start":{"line":33,"column":12},"end":{"line":33,"column":63}},"16":{"start":{"line":36,"column":12},"end":{"line":36,"column":40}},"17":{"start":{"line":38,"column":12},"end":{"line":42,"column":13}},"18":{"start":{"line":39,"column":14},"end":{"line":39,"column":70}},"19":{"start":{"line":41,"column":14},"end":{"line":41,"column":55}},"20":{"start":{"line":44,"column":12},"end":{"line":44,"column":61}},"21":{"start":{"line":47,"column":12},"end":{"line":47,"column":30}},"22":{"start":{"line":48,"column":12},"end":{"line":48,"column":47}},"23":{"start":{"line":49,"column":12},"end":{"line":49,"column":44}},"24":{"start":{"line":50,"column":12},"end":{"line":50,"column":61}},"25":{"start":{"line":54,"column":12},"end":{"line":54,"column":35}},"26":{"start":{"line":60,"column":2},"end":{"line":62,"column":4}},"27":{"start":{"line":61,"column":4},"end":{"line":61,"column":39}},"28":{"start":{"line":67,"column":0},"end":{"line":114,"column":3}},"29":{"start":{"line":68,"column":14},"end":{"line":109,"column":5}},"30":{"start":{"line":72,"column":4},"end":{"line":108,"column":34}},"31":{"start":{"line":73,"column":6},"end":{"line":107,"column":7}},"32":{"start":{"line":74,"column":8},"end":{"line":106,"column":9}},"33":{"start":{"line":76,"column":12},"end":{"line":76,"column":85}},"34":{"start":{"line":78,"column":12},"end":{"line":81,"column":13}},"35":{"start":{"line":79,"column":14},"end":{"line":79,"column":33}},"36":{"start":{"line":80,"column":14},"end":{"line":80,"column":20}},"37":{"start":{"line":83,"column":12},"end":{"line":83,"column":66}},"38":{"start":{"line":84,"column":12},"end":{"line":84,"column":62}},"39":{"start":{"line":87,"column":12},"end":{"line":87,"column":34}},"40":{"start":{"line":88,"column":12},"end":{"line":88,"column":31}},"41":{"start":{"line":89,"column":12},"end":{"line":89,"column":31}},"42":{"start":{"line":90,"column":12},"end":{"line":90,"column":69}},"43":{"start":{"line":93,"column":12},"end":{"line":93,"column":44}},"44":{"start":{"line":94,"column":12},"end":{"line":94,"column":67}},"45":{"start":{"line":95,"column":12},"end":{"line":95,"column":62}},"46":{"start":{"line":98,"column":12},"end":{"line":98,"column":32}},"47":{"start":{"line":99,"column":12},"end":{"line":99,"column":49}},"48":{"start":{"line":100,"column":12},"end":{"line":100,"column":53}},"49":{"start":{"line":101,"column":12},"end":{"line":101,"column":62}},"50":{"start":{"line":105,"column":12},"end":{"line":105,"column":36}},"51":{"start":{"line":111,"column":2},"end":{"line":113,"column":4}},"52":{"start":{"line":112,"column":4},"end":{"line":112,"column":40}},"53":{"start":{"line":118,"column":0},"end":{"line":171,"column":3}},"54":{"start":{"line":119,"column":14},"end":{"line":166,"column":5}},"55":{"start":{"line":123,"column":4},"end":{"line":165,"column":34}},"56":{"start":{"line":124,"column":6},"end":{"line":164,"column":7}},"57":{"start":{"line":125,"column":8},"end":{"line":163,"column":9}},"58":{"start":{"line":127,"column":12},"end":{"line":127,"column":38}},"59":{"start":{"line":128,"column":12},"end":{"line":128,"column":31}},"60":{"start":{"line":130,"column":12},"end":{"line":133,"column":13}},"61":{"start":{"line":131,"column":14},"end":{"line":131,"column":33}},"62":{"start":{"line":132,"column":14},"end":{"line":132,"column":20}},"63":{"start":{"line":135,"column":12},"end":{"line":135,"column":69}},"64":{"start":{"line":136,"column":12},"end":{"line":136,"column":62}},"65":{"start":{"line":139,"column":12},"end":{"line":139,"column":31}},"66":{"start":{"line":140,"column":12},"end":{"line":140,"column":31}},"67":{"start":{"line":141,"column":12},"end":{"line":141,"column":80}},"68":{"start":{"line":144,"column":12},"end":{"line":144,"column":43}},"69":{"start":{"line":146,"column":12},"end":{"line":150,"column":13}},"70":{"start":{"line":147,"column":14},"end":{"line":147,"column":81}},"71":{"start":{"line":149,"column":14},"end":{"line":149,"column":69}},"72":{"start":{"line":152,"column":12},"end":{"line":152,"column":62}},"73":{"start":{"line":155,"column":12},"end":{"line":155,"column":32}},"74":{"start":{"line":156,"column":12},"end":{"line":156,"column":49}},"75":{"start":{"line":157,"column":12},"end":{"line":157,"column":45}},"76":{"start":{"line":158,"column":12},"end":{"line":158,"column":62}},"77":{"start":{"line":162,"column":12},"end":{"line":162,"column":36}},"78":{"start":{"line":168,"column":2},"end":{"line":170,"column":4}},"79":{"start":{"line":169,"column":4},"end":{"line":169,"column":40}},"80":{"start":{"line":175,"column":0},"end":{"line":227,"column":3}},"81":{"start":{"line":176,"column":14},"end":{"line":222,"column":5}},"82":{"start":{"line":180,"column":4},"end":{"line":221,"column":34}},"83":{"start":{"line":181,"column":6},"end":{"line":220,"column":7}},"84":{"start":{"line":182,"column":8},"end":{"line":219,"column":9}},"85":{"start":{"line":184,"column":12},"end":{"line":184,"column":31}},"86":{"start":{"line":186,"column":12},"end":{"line":189,"column":13}},"87":{"start":{"line":187,"column":14},"end":{"line":187,"column":33}},"88":{"start":{"line":188,"column":14},"end":{"line":188,"column":20}},"89":{"start":{"line":191,"column":12},"end":{"line":191,"column":69}},"90":{"start":{"line":192,"column":12},"end":{"line":192,"column":62}},"91":{"start":{"line":195,"column":12},"end":{"line":195,"column":31}},"92":{"start":{"line":196,"column":12},"end":{"line":196,"column":31}},"93":{"start":{"line":197,"column":12},"end":{"line":197,"column":61}},"94":{"start":{"line":200,"column":12},"end":{"line":200,"column":40}},"95":{"start":{"line":202,"column":12},"end":{"line":206,"column":13}},"96":{"start":{"line":203,"column":14},"end":{"line":203,"column":80}},"97":{"start":{"line":205,"column":14},"end":{"line":205,"column":64}},"98":{"start":{"line":208,"column":12},"end":{"line":208,"column":62}},"99":{"start":{"line":211,"column":12},"end":{"line":211,"column":32}},"100":{"start":{"line":212,"column":12},"end":{"line":212,"column":49}},"101":{"start":{"line":213,"column":12},"end":{"line":213,"column":45}},"102":{"start":{"line":214,"column":12},"end":{"line":214,"column":62}},"103":{"start":{"line":218,"column":12},"end":{"line":218,"column":36}},"104":{"start":{"line":224,"column":2},"end":{"line":226,"column":4}},"105":{"start":{"line":225,"column":4},"end":{"line":225,"column":40}},"106":{"start":{"line":231,"column":0},"end":{"line":283,"column":3}},"107":{"start":{"line":232,"column":14},"end":{"line":278,"column":5}},"108":{"start":{"line":236,"column":4},"end":{"line":277,"column":34}},"109":{"start":{"line":237,"column":6},"end":{"line":276,"column":7}},"110":{"start":{"line":238,"column":8},"end":{"line":275,"column":9}},"111":{"start":{"line":240,"column":12},"end":{"line":240,"column":31}},"112":{"start":{"line":242,"column":12},"end":{"line":245,"column":13}},"113":{"start":{"line":243,"column":14},"end":{"line":243,"column":33}},"114":{"start":{"line":244,"column":14},"end":{"line":244,"column":20}},"115":{"start":{"line":247,"column":12},"end":{"line":247,"column":65}},"116":{"start":{"line":248,"column":12},"end":{"line":248,"column":62}},"117":{"start":{"line":251,"column":12},"end":{"line":251,"column":31}},"118":{"start":{"line":252,"column":12},"end":{"line":252,"column":31}},"119":{"start":{"line":253,"column":12},"end":{"line":253,"column":64}},"120":{"start":{"line":256,"column":12},"end":{"line":256,"column":45}},"121":{"start":{"line":258,"column":12},"end":{"line":262,"column":13}},"122":{"start":{"line":259,"column":14},"end":{"line":259,"column":54}},"123":{"start":{"line":261,"column":14},"end":{"line":261,"column":88}},"124":{"start":{"line":264,"column":12},"end":{"line":264,"column":62}},"125":{"start":{"line":267,"column":12},"end":{"line":267,"column":32}},"126":{"start":{"line":268,"column":12},"end":{"line":268,"column":49}},"127":{"start":{"line":269,"column":12},"end":{"line":269,"column":45}},"128":{"start":{"line":270,"column":12},"end":{"line":270,"column":62}},"129":{"start":{"line":274,"column":12},"end":{"line":274,"column":36}},"130":{"start":{"line":280,"column":2},"end":{"line":282,"column":4}},"131":{"start":{"line":281,"column":4},"end":{"line":281,"column":40}},"132":{"start":{"line":285,"column":15},"end":{"line":291,"column":1}},"133":{"start":{"line":292,"column":0},"end":{"line":292,"column":30}}},"fnMap":{"0":{"name":"(anonymous_0)","decl":{"start":{"line":22,"column":0},"end":{"line":22,"column":1}},"loc":{"start":{"line":22,"column":12},"end":{"line":63,"column":1}},"line":22},"1":{"name":"_callee","decl":{"start":{"line":25,"column":40},"end":{"line":25,"column":47}},"loc":{"start":{"line":25,"column":58},"end":{"line":58,"column":3}},"line":25},"2":{"name":"_callee$","decl":{"start":{"line":27,"column":49},"end":{"line":27,"column":57}},"loc":{"start":{"line":27,"column":68},"end":{"line":57,"column":5}},"line":27},"3":{"name":"getAllProducts","decl":{"start":{"line":60,"column":18},"end":{"line":60,"column":32}},"loc":{"start":{"line":60,"column":42},"end":{"line":62,"column":3}},"line":60},"4":{"name":"(anonymous_4)","decl":{"start":{"line":67,"column":0},"end":{"line":67,"column":1}},"loc":{"start":{"line":67,"column":12},"end":{"line":114,"column":1}},"line":67},"5":{"name":"_callee2","decl":{"start":{"line":70,"column":40},"end":{"line":70,"column":48}},"loc":{"start":{"line":70,"column":59},"end":{"line":109,"column":3}},"line":70},"6":{"name":"_callee2$","decl":{"start":{"line":72,"column":49},"end":{"line":72,"column":58}},"loc":{"start":{"line":72,"column":70},"end":{"line":108,"column":5}},"line":72},"7":{"name":"addProduct","decl":{"start":{"line":111,"column":18},"end":{"line":111,"column":28}},"loc":{"start":{"line":111,"column":39},"end":{"line":113,"column":3}},"line":111},"8":{"name":"(anonymous_8)","decl":{"start":{"line":118,"column":0},"end":{"line":118,"column":1}},"loc":{"start":{"line":118,"column":12},"end":{"line":171,"column":1}},"line":118},"9":{"name":"_callee3","decl":{"start":{"line":121,"column":40},"end":{"line":121,"column":48}},"loc":{"start":{"line":121,"column":59},"end":{"line":166,"column":3}},"line":121},"10":{"name":"_callee3$","decl":{"start":{"line":123,"column":49},"end":{"line":123,"column":58}},"loc":{"start":{"line":123,"column":70},"end":{"line":165,"column":5}},"line":123},"11":{"name":"updatedProduct","decl":{"start":{"line":168,"column":18},"end":{"line":168,"column":32}},"loc":{"start":{"line":168,"column":43},"end":{"line":170,"column":3}},"line":168},"12":{"name":"(anonymous_12)","decl":{"start":{"line":175,"column":0},"end":{"line":175,"column":1}},"loc":{"start":{"line":175,"column":12},"end":{"line":227,"column":1}},"line":175},"13":{"name":"_callee4","decl":{"start":{"line":178,"column":40},"end":{"line":178,"column":48}},"loc":{"start":{"line":178,"column":59},"end":{"line":222,"column":3}},"line":178},"14":{"name":"_callee4$","decl":{"start":{"line":180,"column":49},"end":{"line":180,"column":58}},"loc":{"start":{"line":180,"column":70},"end":{"line":221,"column":5}},"line":180},"15":{"name":"getProduct","decl":{"start":{"line":224,"column":18},"end":{"line":224,"column":28}},"loc":{"start":{"line":224,"column":39},"end":{"line":226,"column":3}},"line":224},"16":{"name":"(anonymous_16)","decl":{"start":{"line":231,"column":0},"end":{"line":231,"column":1}},"loc":{"start":{"line":231,"column":12},"end":{"line":283,"column":1}},"line":231},"17":{"name":"_callee5","decl":{"start":{"line":234,"column":40},"end":{"line":234,"column":48}},"loc":{"start":{"line":234,"column":59},"end":{"line":278,"column":3}},"line":234},"18":{"name":"_callee5$","decl":{"start":{"line":236,"column":49},"end":{"line":236,"column":58}},"loc":{"start":{"line":236,"column":70},"end":{"line":277,"column":5}},"line":236},"19":{"name":"deleteProduct","decl":{"start":{"line":280,"column":18},"end":{"line":280,"column":31}},"loc":{"start":{"line":280,"column":43},"end":{"line":282,"column":3}},"line":280}},"branchMap":{"0":{"loc":{"start":{"line":29,"column":8},"end":{"line":55,"column":9}},"type":"switch","locations":[{"start":{"line":30,"column":10},"end":{"line":33,"column":63}},{"start":{"line":35,"column":10},"end":{"line":44,"column":61}},{"start":{"line":46,"column":10},"end":{"line":50,"column":61}},{"start":{"line":52,"column":10},"end":{"line":52,"column":18}},{"start":{"line":53,"column":10},"end":{"line":54,"column":35}}],"line":29},"1":{"loc":{"start":{"line":38,"column":12},"end":{"line":42,"column":13}},"type":"if","locations":[{"start":{"line":38,"column":12},"end":{"line":42,"column":13}},{"start":{"line":38,"column":12},"end":{"line":42,"column":13}}],"line":38},"2":{"loc":{"start":{"line":74,"column":8},"end":{"line":106,"column":9}},"type":"switch","locations":[{"start":{"line":75,"column":10},"end":{"line":84,"column":62}},{"start":{"line":86,"column":10},"end":{"line":90,"column":69}},{"start":{"line":92,"column":10},"end":{"line":95,"column":62}},{"start":{"line":97,"column":10},"end":{"line":101,"column":62}},{"start":{"line":103,"column":10},"end":{"line":103,"column":18}},{"start":{"line":104,"column":10},"end":{"line":105,"column":36}}],"line":74},"3":{"loc":{"start":{"line":78,"column":12},"end":{"line":81,"column":13}},"type":"if","locations":[{"start":{"line":78,"column":12},"end":{"line":81,"column":13}},{"start":{"line":78,"column":12},"end":{"line":81,"column":13}}],"line":78},"4":{"loc":{"start":{"line":78,"column":18},"end":{"line":78,"column":87}},"type":"binary-expr","locations":[{"start":{"line":78,"column":18},"end":{"line":78,"column":32}},{"start":{"line":78,"column":36},"end":{"line":78,"column":50}},{"start":{"line":78,"column":54},"end":{"line":78,"column":69}},{"start":{"line":78,"column":73},"end":{"line":78,"column":87}}],"line":78},"5":{"loc":{"start":{"line":125,"column":8},"end":{"line":163,"column":9}},"type":"switch","locations":[{"start":{"line":126,"column":10},"end":{"line":136,"column":62}},{"start":{"line":138,"column":10},"end":{"line":141,"column":80}},{"start":{"line":143,"column":10},"end":{"line":152,"column":62}},{"start":{"line":154,"column":10},"end":{"line":158,"column":62}},{"start":{"line":160,"column":10},"end":{"line":160,"column":18}},{"start":{"line":161,"column":10},"end":{"line":162,"column":36}}],"line":125},"6":{"loc":{"start":{"line":130,"column":12},"end":{"line":133,"column":13}},"type":"if","locations":[{"start":{"line":130,"column":12},"end":{"line":133,"column":13}},{"start":{"line":130,"column":12},"end":{"line":133,"column":13}}],"line":130},"7":{"loc":{"start":{"line":146,"column":12},"end":{"line":150,"column":13}},"type":"if","locations":[{"start":{"line":146,"column":12},"end":{"line":150,"column":13}},{"start":{"line":146,"column":12},"end":{"line":150,"column":13}}],"line":146},"8":{"loc":{"start":{"line":182,"column":8},"end":{"line":219,"column":9}},"type":"switch","locations":[{"start":{"line":183,"column":10},"end":{"line":192,"column":62}},{"start":{"line":194,"column":10},"end":{"line":197,"column":61}},{"start":{"line":199,"column":10},"end":{"line":208,"column":62}},{"start":{"line":210,"column":10},"end":{"line":214,"column":62}},{"start":{"line":216,"column":10},"end":{"line":216,"column":18}},{"start":{"line":217,"column":10},"end":{"line":218,"column":36}}],"line":182},"9":{"loc":{"start":{"line":186,"column":12},"end":{"line":189,"column":13}},"type":"if","locations":[{"start":{"line":186,"column":12},"end":{"line":189,"column":13}},{"start":{"line":186,"column":12},"end":{"line":189,"column":13}}],"line":186},"10":{"loc":{"start":{"line":202,"column":12},"end":{"line":206,"column":13}},"type":"if","locations":[{"start":{"line":202,"column":12},"end":{"line":206,"column":13}},{"start":{"line":202,"column":12},"end":{"line":206,"column":13}}],"line":202},"11":{"loc":{"start":{"line":238,"column":8},"end":{"line":275,"column":9}},"type":"switch","locations":[{"start":{"line":239,"column":10},"end":{"line":248,"column":62}},{"start":{"line":250,"column":10},"end":{"line":253,"column":64}},{"start":{"line":255,"column":10},"end":{"line":264,"column":62}},{"start":{"line":266,"column":10},"end":{"line":270,"column":62}},{"start":{"line":272,"column":10},"end":{"line":272,"column":18}},{"start":{"line":273,"column":10},"end":{"line":274,"column":36}}],"line":238},"12":{"loc":{"start":{"line":242,"column":12},"end":{"line":245,"column":13}},"type":"if","locations":[{"start":{"line":242,"column":12},"end":{"line":245,"column":13}},{"start":{"line":242,"column":12},"end":{"line":245,"column":13}}],"line":242},"13":{"loc":{"start":{"line":258,"column":12},"end":{"line":262,"column":13}},"type":"if","locations":[{"start":{"line":258,"column":12},"end":{"line":262,"column":13}},{"start":{"line":258,"column":12},"end":{"line":262,"column":13}}],"line":258}},"s":{"0":1,"1":1,"2":1,"3":1,"4":1,"5":1,"6":1,"7":1,"8":1,"9":1,"10":1,"11":3,"12":3,"13":1,"14":1,"15":1,"16":1,"17":1,"18":1,"19":0,"20":1,"21":0,"22":0,"23":0,"24":0,"25":1,"26":1,"27":1,"28":1,"29":1,"30":2,"31":5,"32":6,"33":2,"34":2,"35":1,"36":1,"37":1,"38":1,"39":1,"40":1,"41":1,"42":1,"43":1,"44":1,"45":1,"46":0,"47":0,"48":0,"49":0,"50":2,"51":1,"52":2,"53":1,"54":1,"55":3,"56":8,"57":10,"58":3,"59":3,"60":3,"61":2,"62":2,"63":1,"64":1,"65":2,"66":2,"67":2,"68":2,"69":2,"70":1,"71":1,"72":2,"73":0,"74":0,"75":0,"76":0,"77":3,"78":1,"79":3,"80":1,"81":1,"82":3,"83":8,"84":10,"85":3,"86":3,"87":2,"88":2,"89":1,"90":1,"91":2,"92":2,"93":2,"94":2,"95":2,"96":1,"97":1,"98":2,"99":0,"100":0,"101":0,"102":0,"103":3,"104":1,"105":3,"106":1,"107":1,"108":3,"109":8,"110":10,"111":3,"112":3,"113":2,"114":2,"115":1,"116":1,"117":2,"118":2,"119":2,"120":2,"121":2,"122":1,"123":1,"124":2,"125":0,"126":0,"127":0,"128":0,"129":3,"130":1,"131":3,"132":1,"133":1},"f":{"0":1,"1":1,"2":3,"3":1,"4":1,"5":2,"6":5,"7":2,"8":1,"9":3,"10":8,"11":3,"12":1,"13":3,"14":8,"15":3,"16":1,"17":3,"18":8,"19":3},"b":{"0":[1,1,0,0,1],"1":[1,0],"2":[2,1,1,0,0,2],"3":[1,1],"4":[2,1,1,1],"5":[3,2,2,0,0,3],"6":[2,1],"7":[1,1],"8":[3,2,2,0,0,3],"9":[2,1],"10":[1,1],"11":[3,2,2,0,0,3],"12":[2,1],"13":[1,1]},"inputSourceMap":{"version":3,"sources":["ProductController.js"],"names":["util","Util","getAllProducts","req","res","ProductService","allProducts","length","setSuccess","send","setError","addProduct","console","log","body","menu","name","price","type","newProduct","createdProduct","message","updatedProduct","alteredProduct","id","params","Number","updateProduct","getProduct","theProduct","deleteProduct","productToDelete"],"mappings":";;;;;;;;;;;;;AAAA;;AACA;;AAEA,IAAMA,IAAI,GAAG,IAAIC,iBAAJ,EAAb;;AAEA,IAAMC,cAAc;AAAA;AAAA;AAAA;AAAA;AAAA,+BAAG,iBAAOC,GAAP,EAAYC,GAAZ;AAAA;AAAA;AAAA;AAAA;AAAA;AAAA;AAAA;AAAA,mBAESC,2BAAeH,cAAf,EAFT;;AAAA;AAEXI,YAAAA,WAFW;;AAGjB,gBAAIA,WAAW,CAACC,MAAZ,GAAqB,CAAzB,EAA4B;AAC1BP,cAAAA,IAAI,CAACQ,UAAL,CAAgB,GAAhB,EAAqB,oBAArB,EAA2CF,WAA3C;AACD,aAFD,MAEO;AACLN,cAAAA,IAAI,CAACQ,UAAL,CAAgB,GAAhB,EAAqB,kBAArB;AACD;;AAPgB,6CAQVR,IAAI,CAACS,IAAL,CAAUL,GAAV,CARU;;AAAA;AAAA;AAAA;AAUjBJ,YAAAA,IAAI,CAACU,QAAL,CAAc,GAAd;AAViB,6CAWVV,IAAI,CAACS,IAAL,CAAUL,GAAV,CAXU;;AAAA;AAAA;AAAA;AAAA;AAAA;AAAA;AAAA,GAAH;;AAAA,kBAAdF,cAAc;AAAA;AAAA;AAAA,GAApB;;AAeE,IAAMS,UAAU;AAAA;AAAA;AAAA;AAAA;AAAA,+BAAG,kBAAOR,GAAP,EAAYC,GAAZ;AAAA;AAAA;AAAA;AAAA;AAAA;AACjBQ,YAAAA,OAAO,CAACC,GAAR,CAAYV,GAAG,CAACW,IAAJ,CAASC,IAArB,EAA2BZ,GAAG,CAACW,IAAJ,CAASE,IAApC,EAA0Cb,GAAG,CAACW,IAAJ,CAASG,KAAnD,EAA0Dd,GAAG,CAACW,IAAJ,CAASI,IAAnE;;AADiB,kBAEb,CAACf,GAAG,CAACW,IAAJ,CAASC,IAAV,IAAkB,CAACZ,GAAG,CAACW,IAAJ,CAASE,IAA5B,IAAoC,CAACb,GAAG,CAACW,IAAJ,CAASG,KAA9C,IAAuD,CAACd,GAAG,CAACW,IAAJ,CAASI,IAFpD;AAAA;AAAA;AAAA;;AAGflB,YAAAA,IAAI,CAACU,QAAL,CAAc,GAAd,EAAmB,iCAAnB;AAHe,8CAIRV,IAAI,CAACS,IAAL,CAAUL,GAAV,CAJQ;;AAAA;AAMXe,YAAAA,UANW,GAMEhB,GAAG,CAACW,IANN;AAAA;AAAA;AAAA,mBAQcT,2BAAeM,UAAf,CAA0BQ,UAA1B,CARd;;AAAA;AAQTC,YAAAA,cARS;AASfpB,YAAAA,IAAI,CAACQ,UAAL,CAAgB,GAAhB,EAAqB,gBAArB,EAAuCY,cAAvC;AATe,8CAURpB,IAAI,CAACS,IAAL,CAAUL,GAAV,CAVQ;;AAAA;AAAA;AAAA;AAYfJ,YAAAA,IAAI,CAACU,QAAL,CAAc,GAAd,EAAmB,aAAMW,OAAzB;AAZe,8CAaRrB,IAAI,CAACS,IAAL,CAAUL,GAAV,CAbQ;;AAAA;AAAA;AAAA;AAAA;AAAA;AAAA;AAAA,GAAH;;AAAA,kBAAVO,UAAU;AAAA;AAAA;AAAA,GAAhB;;AAiBA,IAAMW,cAAc;AAAA;AAAA;AAAA;AAAA;AAAA,+BAAG,kBAAOnB,GAAP,EAAYC,GAAZ;AAAA;AAAA;AAAA;AAAA;AAAA;AACfmB,YAAAA,cADe,GACEpB,GAAG,CAACW,IADN;AAEbU,YAAAA,EAFa,GAENrB,GAAG,CAACsB,MAFE,CAEbD,EAFa;;AAAA,gBAGhBE,MAAM,CAACF,EAAD,CAHU;AAAA;AAAA;AAAA;;AAInBxB,YAAAA,IAAI,CAACU,QAAL,CAAc,GAAd,EAAmB,oCAAnB;AAJmB,8CAKZV,IAAI,CAACS,IAAL,CAAUL,GAAV,CALY;;AAAA;AAAA;AAAA;AAAA,mBAQSC,2BAAesB,aAAf,CAA6BH,EAA7B,EAAiCD,cAAjC,CART;;AAAA;AAQbI,YAAAA,aARa;;AASnB,gBAAI,CAACA,aAAL,EAAoB;AAClB3B,cAAAA,IAAI,CAACU,QAAL,CAAc,GAAd,6CAAuDc,EAAvD;AACD,aAFD,MAEO;AACLxB,cAAAA,IAAI,CAACQ,UAAL,CAAgB,GAAhB,EAAqB,iBAArB,EAAwCmB,aAAxC;AACD;;AAbkB,8CAcZ3B,IAAI,CAACS,IAAL,CAAUL,GAAV,CAdY;;AAAA;AAAA;AAAA;AAgBnBJ,YAAAA,IAAI,CAACU,QAAL,CAAc,GAAd;AAhBmB,8CAiBZV,IAAI,CAACS,IAAL,CAAUL,GAAV,CAjBY;;AAAA;AAAA;AAAA;AAAA;AAAA;AAAA;AAAA,GAAH;;AAAA,kBAAdkB,cAAc;AAAA;AAAA;AAAA,GAApB;;AAqBA,IAAMM,UAAU;AAAA;AAAA;AAAA;AAAA;AAAA,+BAAE,kBAAOzB,GAAP,EAAYC,GAAZ;AAAA;AAAA;AAAA;AAAA;AAAA;AACRoB,YAAAA,EADQ,GACDrB,GAAG,CAACsB,MADH,CACRD,EADQ;;AAAA,gBAEXE,MAAM,CAACF,EAAD,CAFK;AAAA;AAAA;AAAA;;AAGdxB,YAAAA,IAAI,CAACU,QAAL,CAAc,GAAd,EAAmB,oCAAnB;AAHc,8CAIPV,IAAI,CAACS,IAAL,CAAUL,GAAV,CAJO;;AAAA;AAAA;AAAA;AAAA,mBAOWC,2BAAeuB,UAAf,CAA0BJ,EAA1B,CAPX;;AAAA;AAORK,YAAAA,UAPQ;;AAQd,gBAAI,CAACA,UAAL,EAAiB;AACf7B,cAAAA,IAAI,CAACU,QAAL,CAAc,GAAd,4CAAsDc,EAAtD;AACD,aAFD,MAEO;AACLxB,cAAAA,IAAI,CAACQ,UAAL,CAAgB,GAAhB,EAAqB,eAArB,EAAsCqB,UAAtC;AACD;;AAZa,8CAaP7B,IAAI,CAACS,IAAL,CAAUL,GAAV,CAbO;;AAAA;AAAA;AAAA;AAedJ,YAAAA,IAAI,CAACU,QAAL,CAAc,GAAd;AAfc,8CAgBPV,IAAI,CAACS,IAAL,CAAUL,GAAV,CAhBO;;AAAA;AAAA;AAAA;AAAA;AAAA;AAAA;AAAA,GAAF;;AAAA,kBAAVwB,UAAU;AAAA;AAAA;AAAA,GAAhB;;AAoBA,IAAME,aAAa;AAAA;AAAA;AAAA;AAAA;AAAA,+BAAG,kBAAO3B,GAAP,EAAYC,GAAZ;AAAA;AAAA;AAAA;AAAA;AAAA;AACZoB,YAAAA,EADY,GACLrB,GAAG,CAACsB,MADC,CACZD,EADY;;AAAA,gBAEfE,MAAM,CAACF,EAAD,CAFS;AAAA;AAAA;AAAA;;AAGlBxB,YAAAA,IAAI,CAACU,QAAL,CAAc,GAAd,EAAmB,gCAAnB;AAHkB,8CAIXV,IAAI,CAACS,IAAL,CAAUL,GAAV,CAJW;;AAAA;AAAA;AAAA;AAAA,mBAOYC,2BAAeyB,aAAf,CAA6BN,EAA7B,CAPZ;;AAAA;AAOZO,YAAAA,eAPY;;AAQlB,gBAAIA,eAAJ,EAAqB;AACnB/B,cAAAA,IAAI,CAACQ,UAAL,CAAgB,GAAhB,EAAqB,iBAArB;AACD,aAFD,MAEO;AACLR,cAAAA,IAAI,CAACU,QAAL,CAAc,GAAd,gCAA0Cc,EAA1C;AACD;;AAZiB,8CAaXxB,IAAI,CAACS,IAAL,CAAUL,GAAV,CAbW;;AAAA;AAAA;AAAA;AAelBJ,YAAAA,IAAI,CAACU,QAAL,CAAc,GAAd;AAfkB,8CAgBXV,IAAI,CAACS,IAAL,CAAUL,GAAV,CAhBW;;AAAA;AAAA;AAAA;AAAA;AAAA;AAAA;AAAA,GAAH;;AAAA,kBAAb0B,aAAa;AAAA;AAAA;AAAA,GAAnB;;eAqBa;AAAC5B,EAAAA,cAAc,EAAdA,cAAD;AACCS,EAAAA,UAAU,EAAVA,UADD;AAECW,EAAAA,cAAc,EAAdA,cAFD;AAGCM,EAAAA,UAAU,EAAVA,UAHD;AAICE,EAAAA,aAAa,EAAbA;AAJD,C","sourceRoot":"/app/api/server/controllers","sourcesContent":["import ProductService from '../services/ProductService'\nimport Util from '../utils/Utils'\n\nconst util = new Util()\n\nconst getAllProducts = async (req, res) => {\n    try {\n      const allProducts = await ProductService.getAllProducts()\n      if (allProducts.length > 0) {\n        util.setSuccess(200, 'Products retrieved', allProducts)\n      } else {\n        util.setSuccess(200, 'No Product found')\n      }\n      return util.send(res)\n    } catch (error) {\n      util.setError(400, error)\n      return util.send(res)\n    }\n  }\n\n  const addProduct = async (req, res) => {\n    console.log(req.body.menu, req.body.name, req.body.price, req.body.type)\n    if (!req.body.menu || !req.body.name || !req.body.price || !req.body.type) {\n      util.setError(400, 'Please provide complete details')\n      return util.send(res)\n    }\n    const newProduct = req.body\n    try {\n      const createdProduct = await ProductService.addProduct(newProduct)\n      util.setSuccess(201, 'Product Added!', createdProduct)\n      return util.send(res)\n    } catch (error) {\n      util.setError(400, error.message)\n      return util.send(res)\n    }\n  }\n\n  const updatedProduct = async (req, res) => {\n    const alteredProduct = req.body\n    const { id } = req.params\n    if (!Number(id)) {\n      util.setError(400, 'Please input a valid numeric value')\n      return util.send(res)\n    }\n    try {\n      const updateProduct = await ProductService.updateProduct(id, alteredProduct)\n      if (!updateProduct) {\n        util.setError(404, `Cannot find product with the id: ${id}`)\n      } else {\n        util.setSuccess(200, 'Product updated', updateProduct)\n      }\n      return util.send(res)\n    } catch (error) {\n      util.setError(404, error)\n      return util.send(res)\n    }\n  }\n\n  const getProduct= async (req, res) => {\n    const { id } = req.params\n    if (!Number(id)) {\n      util.setError(400, 'Please input a valid numeric value')\n      return util.send(res)\n    }\n    try {\n      const theProduct = await ProductService.getProduct(id)\n      if (!theProduct) {\n        util.setError(404, `Cannot find Product with the id ${id}`)\n      } else {\n        util.setSuccess(200, 'Found Product', theProduct)\n      }\n      return util.send(res)\n    } catch (error) {\n      util.setError(404, error)\n      return util.send(res)\n    }\n  }\n\n  const deleteProduct = async (req, res) => {\n    const { id } = req.params\n    if (!Number(id)) {\n      util.setError(400, 'Please provide a numeric value')\n      return util.send(res)\n    }\n    try {\n      const productToDelete = await ProductService.deleteProduct(id)\n      if (productToDelete) {\n        util.setSuccess(200, 'Product deleted')\n      } else {\n        util.setError(404, `Product with the id ${id} cannot be found`)\n      }\n      return util.send(res)\n    } catch (error) {\n      util.setError(400, error)\n      return util.send(res)\n    }\n  }\n\n\nexport default {getAllProducts,\n                addProduct,\n                updatedProduct,\n                getProduct, \n                deleteProduct\n                }\n"]},"_coverageSchema":"1a1c01bbd47fc00a2c39e90264f33305004495a9","hash":"d4292771dcfcf2073a1361bd3534b21e5799d7ba","contentHash":"3c69d13fb2c9e687edbe36379dec252339b5debf1d7eb220472b91c3b339dec9"},"/app/api/server/services/ProductService.js":{"path":"/app/api/server/services/ProductService.js","statementMap":{"0":{"start":{"line":3,"column":29},"end":{"line":3,"column":84}},"1":{"start":{"line":5,"column":0},"end":{"line":7,"column":3}},"2":{"start":{"line":8,"column":0},"end":{"line":8,"column":28}},"3":{"start":{"line":10,"column":19},"end":{"line":10,"column":80}},"4":{"start":{"line":12,"column":25},"end":{"line":12,"column":99}},"5":{"start":{"line":14,"column":23},"end":{"line":14,"column":95}},"6":{"start":{"line":16,"column":20},"end":{"line":16,"column":89}},"7":{"start":{"line":18,"column":14},"end":{"line":18,"column":62}},"8":{"start":{"line":22,"column":0},"end":{"line":262,"column":3}},"9":{"start":{"line":24,"column":4},"end":{"line":24,"column":59}},"10":{"start":{"line":27,"column":2},"end":{"line":260,"column":6}},"11":{"start":{"line":30,"column":28},"end":{"line":55,"column":9}},"12":{"start":{"line":33,"column":8},"end":{"line":54,"column":36}},"13":{"start":{"line":34,"column":10},"end":{"line":53,"column":11}},"14":{"start":{"line":35,"column":12},"end":{"line":52,"column":13}},"15":{"start":{"line":37,"column":16},"end":{"line":37,"column":34}},"16":{"start":{"line":38,"column":16},"end":{"line":38,"column":34}},"17":{"start":{"line":39,"column":16},"end":{"line":39,"column":60}},"18":{"start":{"line":42,"column":16},"end":{"line":42,"column":64}},"19":{"start":{"line":45,"column":16},"end":{"line":45,"column":34}},"20":{"start":{"line":46,"column":16},"end":{"line":46,"column":51}},"21":{"start":{"line":47,"column":16},"end":{"line":47,"column":34}},"22":{"start":{"line":51,"column":16},"end":{"line":51,"column":39}},"23":{"start":{"line":58,"column":8},"end":{"line":58,"column":54}},"24":{"start":{"line":61,"column":6},"end":{"line":61,"column":28}},"25":{"start":{"line":66,"column":24},"end":{"line":91,"column":9}},"26":{"start":{"line":69,"column":8},"end":{"line":90,"column":37}},"27":{"start":{"line":70,"column":10},"end":{"line":89,"column":11}},"28":{"start":{"line":71,"column":12},"end":{"line":88,"column":13}},"29":{"start":{"line":73,"column":16},"end":{"line":73,"column":35}},"30":{"start":{"line":74,"column":16},"end":{"line":74,"column":35}},"31":{"start":{"line":75,"column":16},"end":{"line":75,"column":69}},"32":{"start":{"line":78,"column":16},"end":{"line":78,"column":66}},"33":{"start":{"line":81,"column":16},"end":{"line":81,"column":35}},"34":{"start":{"line":82,"column":16},"end":{"line":82,"column":53}},"35":{"start":{"line":83,"column":16},"end":{"line":83,"column":35}},"36":{"start":{"line":87,"column":16},"end":{"line":87,"column":40}},"37":{"start":{"line":94,"column":8},"end":{"line":94,"column":50}},"38":{"start":{"line":97,"column":6},"end":{"line":97,"column":24}},"39":{"start":{"line":102,"column":28},"end":{"line":150,"column":9}},"40":{"start":{"line":106,"column":8},"end":{"line":149,"column":38}},"41":{"start":{"line":107,"column":10},"end":{"line":148,"column":11}},"42":{"start":{"line":108,"column":12},"end":{"line":147,"column":13}},"43":{"start":{"line":110,"column":16},"end":{"line":110,"column":35}},"44":{"start":{"line":111,"column":16},"end":{"line":111,"column":35}},"45":{"start":{"line":112,"column":16},"end":{"line":116,"column":19}},"46":{"start":{"line":119,"column":16},"end":{"line":119,"column":49}},"47":{"start":{"line":121,"column":16},"end":{"line":124,"column":17}},"48":{"start":{"line":122,"column":18},"end":{"line":122,"column":37}},"49":{"start":{"line":123,"column":18},"end":{"line":123,"column":24}},"50":{"start":{"line":126,"column":16},"end":{"line":126,"column":35}},"51":{"start":{"line":127,"column":16},"end":{"line":131,"column":19}},"52":{"start":{"line":134,"column":16},"end":{"line":134,"column":66}},"53":{"start":{"line":137,"column":16},"end":{"line":137,"column":56}},"54":{"start":{"line":140,"column":16},"end":{"line":140,"column":36}},"55":{"start":{"line":141,"column":16},"end":{"line":141,"column":53}},"56":{"start":{"line":142,"column":16},"end":{"line":142,"column":35}},"57":{"start":{"line":146,"column":16},"end":{"line":146,"column":40}},"58":{"start":{"line":153,"column":8},"end":{"line":153,"column":54}},"59":{"start":{"line":156,"column":6},"end":{"line":156,"column":27}},"60":{"start":{"line":161,"column":24},"end":{"line":192,"column":9}},"61":{"start":{"line":165,"column":8},"end":{"line":191,"column":37}},"62":{"start":{"line":166,"column":10},"end":{"line":190,"column":11}},"63":{"start":{"line":167,"column":12},"end":{"line":189,"column":13}},"64":{"start":{"line":169,"column":16},"end":{"line":169,"column":35}},"65":{"start":{"line":170,"column":16},"end":{"line":170,"column":35}},"66":{"start":{"line":171,"column":16},"end":{"line":175,"column":19}},"67":{"start":{"line":178,"column":16},"end":{"line":178,"column":44}},"68":{"start":{"line":179,"column":16},"end":{"line":179,"column":62}},"69":{"start":{"line":182,"column":16},"end":{"line":182,"column":35}},"70":{"start":{"line":183,"column":16},"end":{"line":183,"column":53}},"71":{"start":{"line":184,"column":16},"end":{"line":184,"column":35}},"72":{"start":{"line":188,"column":16},"end":{"line":188,"column":40}},"73":{"start":{"line":195,"column":8},"end":{"line":195,"column":50}},"74":{"start":{"line":198,"column":6},"end":{"line":198,"column":24}},"75":{"start":{"line":203,"column":27},"end":{"line":252,"column":9}},"76":{"start":{"line":207,"column":8},"end":{"line":251,"column":38}},"77":{"start":{"line":208,"column":10},"end":{"line":250,"column":11}},"78":{"start":{"line":209,"column":12},"end":{"line":249,"column":13}},"79":{"start":{"line":211,"column":16},"end":{"line":211,"column":35}},"80":{"start":{"line":212,"column":16},"end":{"line":212,"column":35}},"81":{"start":{"line":213,"column":16},"end":{"line":217,"column":19}},"82":{"start":{"line":220,"column":16},"end":{"line":220,"column":49}},"83":{"start":{"line":222,"column":16},"end":{"line":225,"column":17}},"84":{"start":{"line":223,"column":18},"end":{"line":223,"column":37}},"85":{"start":{"line":224,"column":18},"end":{"line":224,"column":24}},"86":{"start":{"line":227,"column":16},"end":{"line":227,"column":35}},"87":{"start":{"line":228,"column":16},"end":{"line":232,"column":19}},"88":{"start":{"line":235,"column":16},"end":{"line":235,"column":48}},"89":{"start":{"line":236,"column":16},"end":{"line":236,"column":66}},"90":{"start":{"line":239,"column":16},"end":{"line":239,"column":56}},"91":{"start":{"line":242,"column":16},"end":{"line":242,"column":36}},"92":{"start":{"line":243,"column":16},"end":{"line":243,"column":53}},"93":{"start":{"line":244,"column":16},"end":{"line":244,"column":35}},"94":{"start":{"line":248,"column":16},"end":{"line":248,"column":40}},"95":{"start":{"line":255,"column":8},"end":{"line":255,"column":53}},"96":{"start":{"line":258,"column":6},"end":{"line":258,"column":27}},"97":{"start":{"line":261,"column":2},"end":{"line":261,"column":24}},"98":{"start":{"line":264,"column":15},"end":{"line":264,"column":29}},"99":{"start":{"line":265,"column":0},"end":{"line":265,"column":30}}},"fnMap":{"0":{"name":"(anonymous_0)","decl":{"start":{"line":22,"column":0},"end":{"line":22,"column":1}},"loc":{"start":{"line":22,"column":12},"end":{"line":262,"column":1}},"line":22},"1":{"name":"ProductService","decl":{"start":{"line":23,"column":11},"end":{"line":23,"column":25}},"loc":{"start":{"line":23,"column":28},"end":{"line":25,"column":3}},"line":23},"2":{"name":"(anonymous_2)","decl":{"start":{"line":29,"column":11},"end":{"line":29,"column":12}},"loc":{"start":{"line":29,"column":23},"end":{"line":62,"column":5}},"line":29},"3":{"name":"_callee","decl":{"start":{"line":32,"column":44},"end":{"line":32,"column":51}},"loc":{"start":{"line":32,"column":54},"end":{"line":55,"column":7}},"line":32},"4":{"name":"_callee$","decl":{"start":{"line":33,"column":53},"end":{"line":33,"column":61}},"loc":{"start":{"line":33,"column":72},"end":{"line":54,"column":9}},"line":33},"5":{"name":"getAllProducts","decl":{"start":{"line":57,"column":15},"end":{"line":57,"column":29}},"loc":{"start":{"line":57,"column":32},"end":{"line":59,"column":7}},"line":57},"6":{"name":"(anonymous_6)","decl":{"start":{"line":65,"column":11},"end":{"line":65,"column":12}},"loc":{"start":{"line":65,"column":23},"end":{"line":98,"column":5}},"line":65},"7":{"name":"_callee2","decl":{"start":{"line":68,"column":44},"end":{"line":68,"column":52}},"loc":{"start":{"line":68,"column":65},"end":{"line":91,"column":7}},"line":68},"8":{"name":"_callee2$","decl":{"start":{"line":69,"column":53},"end":{"line":69,"column":62}},"loc":{"start":{"line":69,"column":74},"end":{"line":90,"column":9}},"line":69},"9":{"name":"addProduct","decl":{"start":{"line":93,"column":15},"end":{"line":93,"column":25}},"loc":{"start":{"line":93,"column":30},"end":{"line":95,"column":7}},"line":93},"10":{"name":"(anonymous_10)","decl":{"start":{"line":101,"column":11},"end":{"line":101,"column":12}},"loc":{"start":{"line":101,"column":23},"end":{"line":157,"column":5}},"line":101},"11":{"name":"_callee3","decl":{"start":{"line":104,"column":44},"end":{"line":104,"column":52}},"loc":{"start":{"line":104,"column":73},"end":{"line":150,"column":7}},"line":104},"12":{"name":"_callee3$","decl":{"start":{"line":106,"column":53},"end":{"line":106,"column":62}},"loc":{"start":{"line":106,"column":74},"end":{"line":149,"column":9}},"line":106},"13":{"name":"updateProduct","decl":{"start":{"line":152,"column":15},"end":{"line":152,"column":28}},"loc":{"start":{"line":152,"column":39},"end":{"line":154,"column":7}},"line":152},"14":{"name":"(anonymous_14)","decl":{"start":{"line":160,"column":11},"end":{"line":160,"column":12}},"loc":{"start":{"line":160,"column":23},"end":{"line":199,"column":5}},"line":160},"15":{"name":"_callee4","decl":{"start":{"line":163,"column":44},"end":{"line":163,"column":52}},"loc":{"start":{"line":163,"column":57},"end":{"line":192,"column":7}},"line":163},"16":{"name":"_callee4$","decl":{"start":{"line":165,"column":53},"end":{"line":165,"column":62}},"loc":{"start":{"line":165,"column":74},"end":{"line":191,"column":9}},"line":165},"17":{"name":"getProduct","decl":{"start":{"line":194,"column":15},"end":{"line":194,"column":25}},"loc":{"start":{"line":194,"column":31},"end":{"line":196,"column":7}},"line":194},"18":{"name":"(anonymous_18)","decl":{"start":{"line":202,"column":11},"end":{"line":202,"column":12}},"loc":{"start":{"line":202,"column":23},"end":{"line":259,"column":5}},"line":202},"19":{"name":"_callee5","decl":{"start":{"line":205,"column":44},"end":{"line":205,"column":52}},"loc":{"start":{"line":205,"column":57},"end":{"line":252,"column":7}},"line":205},"20":{"name":"_callee5$","decl":{"start":{"line":207,"column":53},"end":{"line":207,"column":62}},"loc":{"start":{"line":207,"column":74},"end":{"line":251,"column":9}},"line":207},"21":{"name":"deleteProduct","decl":{"start":{"line":254,"column":15},"end":{"line":254,"column":28}},"loc":{"start":{"line":254,"column":34},"end":{"line":256,"column":7}},"line":254}},"branchMap":{"0":{"loc":{"start":{"line":35,"column":12},"end":{"line":52,"column":13}},"type":"switch","locations":[{"start":{"line":36,"column":14},"end":{"line":39,"column":60}},{"start":{"line":41,"column":14},"end":{"line":42,"column":64}},{"start":{"line":44,"column":14},"end":{"line":47,"column":34}},{"start":{"line":49,"column":14},"end":{"line":49,"column":21}},{"start":{"line":50,"column":14},"end":{"line":51,"column":39}}],"line":35},"1":{"loc":{"start":{"line":71,"column":12},"end":{"line":88,"column":13}},"type":"switch","locations":[{"start":{"line":72,"column":14},"end":{"line":75,"column":69}},{"start":{"line":77,"column":14},"end":{"line":78,"column":66}},{"start":{"line":80,"column":14},"end":{"line":83,"column":35}},{"start":{"line":85,"column":14},"end":{"line":85,"column":21}},{"start":{"line":86,"column":14},"end":{"line":87,"column":40}}],"line":71},"2":{"loc":{"start":{"line":108,"column":12},"end":{"line":147,"column":13}},"type":"switch","locations":[{"start":{"line":109,"column":14},"end":{"line":116,"column":19}},{"start":{"line":118,"column":14},"end":{"line":131,"column":19}},{"start":{"line":133,"column":14},"end":{"line":134,"column":66}},{"start":{"line":136,"column":14},"end":{"line":137,"column":56}},{"start":{"line":139,"column":14},"end":{"line":142,"column":35}},{"start":{"line":144,"column":14},"end":{"line":144,"column":22}},{"start":{"line":145,"column":14},"end":{"line":146,"column":40}}],"line":108},"3":{"loc":{"start":{"line":121,"column":16},"end":{"line":124,"column":17}},"type":"if","locations":[{"start":{"line":121,"column":16},"end":{"line":124,"column":17}},{"start":{"line":121,"column":16},"end":{"line":124,"column":17}}],"line":121},"4":{"loc":{"start":{"line":167,"column":12},"end":{"line":189,"column":13}},"type":"switch","locations":[{"start":{"line":168,"column":14},"end":{"line":175,"column":19}},{"start":{"line":177,"column":14},"end":{"line":179,"column":62}},{"start":{"line":181,"column":14},"end":{"line":184,"column":35}},{"start":{"line":186,"column":14},"end":{"line":186,"column":22}},{"start":{"line":187,"column":14},"end":{"line":188,"column":40}}],"line":167},"5":{"loc":{"start":{"line":209,"column":12},"end":{"line":249,"column":13}},"type":"switch","locations":[{"start":{"line":210,"column":14},"end":{"line":217,"column":19}},{"start":{"line":219,"column":14},"end":{"line":232,"column":19}},{"start":{"line":234,"column":14},"end":{"line":236,"column":66}},{"start":{"line":238,"column":14},"end":{"line":239,"column":56}},{"start":{"line":241,"column":14},"end":{"line":244,"column":35}},{"start":{"line":246,"column":14},"end":{"line":246,"column":22}},{"start":{"line":247,"column":14},"end":{"line":248,"column":40}}],"line":209},"6":{"loc":{"start":{"line":222,"column":16},"end":{"line":225,"column":17}},"type":"if","locations":[{"start":{"line":222,"column":16},"end":{"line":225,"column":17}},{"start":{"line":222,"column":16},"end":{"line":225,"column":17}}],"line":222}},"s":{"0":1,"1":1,"2":1,"3":1,"4":1,"5":1,"6":1,"7":1,"8":1,"9":0,"10":1,"11":1,"12":1,"13":3,"14":3,"15":1,"16":1,"17":1,"18":1,"19":0,"20":0,"21":0,"22":1,"23":1,"24":1,"25":1,"26":1,"27":3,"28":3,"29":1,"30":1,"31":1,"32":1,"33":0,"34":0,"35":0,"36":1,"37":1,"38":1,"39":1,"40":2,"41":7,"42":8,"43":2,"44":2,"45":2,"46":2,"47":2,"48":1,"49":1,"50":1,"51":1,"52":1,"53":1,"54":0,"55":0,"56":0,"57":2,"58":2,"59":1,"60":1,"61":2,"62":6,"63":6,"64":2,"65":2,"66":2,"67":2,"68":2,"69":0,"70":0,"71":0,"72":2,"73":2,"74":1,"75":1,"76":2,"77":7,"78":8,"79":2,"80":2,"81":2,"82":2,"83":2,"84":1,"85":1,"86":1,"87":1,"88":1,"89":1,"90":1,"91":0,"92":0,"93":0,"94":2,"95":2,"96":1,"97":1,"98":1,"99":1},"f":{"0":1,"1":0,"2":1,"3":1,"4":3,"5":1,"6":1,"7":1,"8":3,"9":1,"10":1,"11":2,"12":7,"13":2,"14":1,"15":2,"16":6,"17":2,"18":1,"19":2,"20":7,"21":2},"b":{"0":[1,1,0,0,1],"1":[1,1,0,0,1],"2":[2,2,1,1,0,0,2],"3":[1,1],"4":[2,2,0,0,2],"5":[2,2,1,1,0,0,2],"6":[1,1]},"inputSourceMap":{"version":3,"sources":["ProductService.js"],"names":["ProductService","database","Product","findAll","newProduct","create","id","updateProduct","findOne","where","Number","productToUpdate","update","theProduct","productToDelete","destroy","deletedProduct"],"mappings":";;;;;;;;;;;;;;;;;AAAA;;IAEMA,c;;;;;;;;;;;;;;;;;;;uBAGaC,mBAASC,OAAT,CAAiBC,OAAjB,E;;;;;;;;;;;;;;;;;;;;;;;;;;;;;qDAMOC,U;;;;;;;uBAEPH,mBAASC,OAAT,CAAiBG,MAAjB,CAAwBD,UAAxB,C;;;;;;;;;;;;;;;;;;;;;;;;;;;;;qDAMUE,E,EAAIC,c;;;;;;;;uBAEGN,mBAASC,OAAT,CAAiBM,OAAjB,CAAyB;AACrDC,kBAAAA,KAAK,EAAE;AAAEH,oBAAAA,EAAE,EAAEI,MAAM,CAACJ,EAAD;AAAZ;AAD8C,iBAAzB,C;;;AAAxBK,gBAAAA,e;;qBAIFA,e;;;;;;uBACIV,mBAASC,OAAT,CAAiBU,MAAjB,CAAwBL,cAAxB,EAAuC;AAAEE,kBAAAA,KAAK,EAAE;AAAEH,oBAAAA,EAAE,EAAEI,MAAM,CAACJ,EAAD;AAAZ;AAAT,iBAAvC,C;;;kDAECC,c;;;kDAEF,I;;;;;;;;;;;;;;;;;;;;;;;;;;qDAMaD,E;;;;;;;;uBAEKL,mBAASC,OAAT,CAAiBM,OAAjB,CAAyB;AAChDC,kBAAAA,KAAK,EAAE;AAAEH,oBAAAA,EAAE,EAAEI,MAAM,CAACJ,EAAD;AAAZ;AADyC,iBAAzB,C;;;AAAnBO,gBAAAA,U;kDAICA,U;;;;;;;;;;;;;;;;;;;;;;;;;;qDAMgBP,E;;;;;;;;uBAEOL,mBAASC,OAAT,CAAiBM,OAAjB,CAAyB;AAAEC,kBAAAA,KAAK,EAAE;AAAEH,oBAAAA,EAAE,EAAEI,MAAM,CAACJ,EAAD;AAAZ;AAAT,iBAAzB,C;;;AAAxBQ,gBAAAA,e;;qBAEFA,e;;;;;;uBAC2Bb,mBAASC,OAAT,CAAiBa,OAAjB,CAAyB;AACpDN,kBAAAA,KAAK,EAAE;AAAEH,oBAAAA,EAAE,EAAEI,MAAM,CAACJ,EAAD;AAAZ;AAD6C,iBAAzB,C;;;AAAvBU,gBAAAA,c;kDAGCA,c;;;kDAEF,I;;;;;;;;;;;;;;;;;;;;;;;;;eAOEhB,c","sourceRoot":"/app/api/server/services","sourcesContent":["import database from '../src/models'\n\nclass ProductService {\n  static async getAllProducts() {\n    try {\n      return await database.Product.findAll()\n    } catch (error) {\n      throw error\n    }\n  }\n\n  static async addProduct(newProduct) {\n    try {\n      return await database.Product.create(newProduct)\n    } catch (error) {\n      throw error\n    }\n  }\n\n  static async updateProduct(id, updateProduct) {\n    try {\n      const productToUpdate = await database.Product.findOne({\n        where: { id: Number(id) }\n      })\n\n      if (productToUpdate) {\n        await database.Product.update(updateProduct, { where: { id: Number(id) } })\n\n        return updateProduct\n      }\n      return null\n    } catch (error) {\n      throw error\n    }\n  }\n\n  static async getProduct(id) {\n    try {\n      const theProduct = await database.Product.findOne({\n        where: { id: Number(id) }\n      })\n\n      return theProduct\n    } catch (error) {\n      throw error\n    }\n  }\n\n  static async deleteProduct(id) {\n    try {\n      const productToDelete = await database.Product.findOne({ where: { id: Number(id) } })\n\n      if (productToDelete) {\n        const deletedProduct = await database.Product.destroy({\n          where: { id: Number(id) }\n        })\n        return deletedProduct\n      }\n      return null\n    } catch (error) {\n      throw error\n    }\n  }\n}\n\nexport default ProductService"]},"_coverageSchema":"1a1c01bbd47fc00a2c39e90264f33305004495a9","hash":"84ecd541bc1647062610d3be6da654f729c30d2d","contentHash":"d1425906067ce4b76544add9125f6e3ad3fcff2e0c83a603a81c76de23a69607"},"/app/api/server/src/models/index.js":{"path":"/app/api/server/src/models/index.js","statementMap":{"0":{"start":{"line":3,"column":9},"end":{"line":3,"column":22}},"1":{"start":{"line":5,"column":11},"end":{"line":5,"column":26}},"2":{"start":{"line":7,"column":16},"end":{"line":7,"column":36}},"3":{"start":{"line":9,"column":17},"end":{"line":9,"column":44}},"4":{"start":{"line":11,"column":15},"end":{"line":11,"column":40}},"5":{"start":{"line":12,"column":10},"end":{"line":12,"column":69}},"6":{"start":{"line":13,"column":13},"end":{"line":13,"column":28}},"7":{"start":{"line":14,"column":9},"end":{"line":14,"column":11}},"8":{"start":{"line":17,"column":0},"end":{"line":31,"column":1}},"9":{"start":{"line":18,"column":2},"end":{"line":18,"column":74}},"10":{"start":{"line":19,"column":2},"end":{"line":28,"column":5}},"11":{"start":{"line":30,"column":2},"end":{"line":30,"column":87}},"12":{"start":{"line":33,"column":0},"end":{"line":38,"column":3}},"13":{"start":{"line":34,"column":2},"end":{"line":34,"column":82}},"14":{"start":{"line":36,"column":14},"end":{"line":36,"column":61}},"15":{"start":{"line":37,"column":2},"end":{"line":37,"column":25}},"16":{"start":{"line":39,"column":0},"end":{"line":43,"column":3}},"17":{"start":{"line":40,"column":2},"end":{"line":42,"column":3}},"18":{"start":{"line":41,"column":4},"end":{"line":41,"column":32}},"19":{"start":{"line":44,"column":0},"end":{"line":44,"column":25}},"20":{"start":{"line":45,"column":0},"end":{"line":45,"column":25}},"21":{"start":{"line":46,"column":0},"end":{"line":46,"column":20}}},"fnMap":{"0":{"name":"(anonymous_0)","decl":{"start":{"line":33,"column":33},"end":{"line":33,"column":34}},"loc":{"start":{"line":33,"column":49},"end":{"line":35,"column":1}},"line":33},"1":{"name":"(anonymous_1)","decl":{"start":{"line":35,"column":11},"end":{"line":35,"column":12}},"loc":{"start":{"line":35,"column":27},"end":{"line":38,"column":1}},"line":35},"2":{"name":"(anonymous_2)","decl":{"start":{"line":39,"column":24},"end":{"line":39,"column":25}},"loc":{"start":{"line":39,"column":45},"end":{"line":43,"column":1}},"line":39}},"branchMap":{"0":{"loc":{"start":{"line":12,"column":10},"end":{"line":12,"column":69}},"type":"cond-expr","locations":[{"start":{"line":12,"column":33},"end":{"line":12,"column":53}},{"start":{"line":12,"column":56},"end":{"line":12,"column":69}}],"line":12},"1":{"loc":{"start":{"line":17,"column":0},"end":{"line":31,"column":1}},"type":"if","locations":[{"start":{"line":17,"column":0},"end":{"line":31,"column":1}},{"start":{"line":17,"column":0},"end":{"line":31,"column":1}}],"line":17},"2":{"loc":{"start":{"line":34,"column":9},"end":{"line":34,"column":81}},"type":"binary-expr","locations":[{"start":{"line":34,"column":9},"end":{"line":34,"column":32}},{"start":{"line":34,"column":36},"end":{"line":34,"column":53}},{"start":{"line":34,"column":57},"end":{"line":34,"column":81}}],"line":34},"3":{"loc":{"start":{"line":40,"column":2},"end":{"line":42,"column":3}},"type":"if","locations":[{"start":{"line":40,"column":2},"end":{"line":42,"column":3}},{"start":{"line":40,"column":2},"end":{"line":42,"column":3}}],"line":40}},"s":{"0":1,"1":1,"2":1,"3":1,"4":1,"5":1,"6":1,"7":1,"8":1,"9":0,"10":0,"11":1,"12":1,"13":4,"14":3,"15":3,"16":1,"17":3,"18":3,"19":1,"20":1,"21":1},"f":{"0":4,"1":3,"2":3},"b":{"0":[1,0],"1":[0,1],"2":[4,4,3],"3":[3,0]},"inputSourceMap":{"version":3,"sources":["index.js"],"names":["fs","require","path","Sequelize","configJson","basename","__filename","env","process","NODE_ENV","config","db","sequelize","environment","use_env_variable","DB_NAME","DB_USER","DB_PASS","host","DB_HOST","port","DB_PORT","dialect","dialectOption","ssl","logging","database","username","password","readdirSync","__dirname","filter","file","indexOf","slice","forEach","model","join","name","Object","keys","modelName","associate","module","exports"],"mappings":"AAAA;;AAEA,IAAMA,EAAE,GAAGC,OAAO,CAAC,IAAD,CAAlB;;AACA,IAAMC,IAAI,GAAGD,OAAO,CAAC,MAAD,CAApB;;AACA,IAAME,SAAS,GAAGF,OAAO,CAAC,WAAD,CAAzB;;AAEA,IAAMG,UAAU,GAAGH,OAAO,CAAC,kBAAD,CAA1B;;AAEA,IAAMI,QAAQ,GAAGH,IAAI,CAACG,QAAL,CAAcC,UAAd,CAAjB;AACA,IAAMC,GAAG,GAAGC,OAAO,CAACD,GAAR,CAAYE,QAAZ,GAAuBD,OAAO,CAACD,GAAR,CAAYE,QAAnC,GAA8C,aAA1D;AAEA,IAAMC,MAAM,GAAGN,UAAU,CAACG,GAAD,CAAzB;AAEA,IAAMI,EAAE,GAAG,EAAX;AAEA,IAAIC,SAAJ;;AACA,IAAIF,MAAM,CAACG,WAAP,KAAuB,YAA3B,EAAyC;AACvCD,EAAAA,SAAS,GAAG,IAAIT,SAAJ,CAAcK,OAAO,CAACD,GAAR,CAAYG,MAAM,CAACI,gBAAnB,CAAd,EAAoDJ,MAApD,CAAZ;AACAE,EAAAA,SAAS,GAAG,IAAIT,SAAJ,CACVK,OAAO,CAACD,GAAR,CAAYQ,OADF,EAEVP,OAAO,CAACD,GAAR,CAAYS,OAFF,EAGVR,OAAO,CAACD,GAAR,CAAYU,OAHF,EAGW;AACnBC,IAAAA,IAAI,EAAEV,OAAO,CAACD,GAAR,CAAYY,OADC;AAEnBC,IAAAA,IAAI,EAAEZ,OAAO,CAACD,GAAR,CAAYc,OAFC;AAGnBC,IAAAA,OAAO,EAAE,UAHU;AAInBC,IAAAA,aAAa,EAAE;AACbC,MAAAA,GAAG,EAAE,IADQ;AAEb,gBAAQ;AAFK,KAJI;AAQnBC,IAAAA,OAAO,EAAE;AARU,GAHX,CAAZ;AAcD,CAhBD,MAgBO;AACLb,EAAAA,SAAS,GAAG,IAAIT,SAAJ,CAAcO,MAAM,CAACgB,QAArB,EAA+BhB,MAAM,CAACiB,QAAtC,EAAgDjB,MAAM,CAACkB,QAAvD,EAAiElB,MAAjE,CAAZ;AACD;;AAEDV,EAAE,CACC6B,WADH,CACeC,SADf,EAEGC,MAFH,CAEU,UAAAC,IAAI,EAAI;AACd,SAAQA,IAAI,CAACC,OAAL,CAAa,GAAb,MAAsB,CAAvB,IAA8BD,IAAI,KAAK3B,QAAvC,IAAqD2B,IAAI,CAACE,KAAL,CAAW,CAAC,CAAZ,MAAmB,KAA/E;AACD,CAJH,EAKGC,OALH,CAKW,UAAAH,IAAI,EAAI;AACf,MAAMI,KAAK,GAAGxB,SAAS,CAAC,QAAD,CAAT,CAAoBV,IAAI,CAACmC,IAAL,CAAUP,SAAV,EAAqBE,IAArB,CAApB,CAAd;AACArB,EAAAA,EAAE,CAACyB,KAAK,CAACE,IAAP,CAAF,GAAiBF,KAAjB;AACD,CARH;AAUAG,MAAM,CAACC,IAAP,CAAY7B,EAAZ,EAAgBwB,OAAhB,CAAwB,UAAAM,SAAS,EAAI;AACnC,MAAI9B,EAAE,CAAC8B,SAAD,CAAF,CAAcC,SAAlB,EAA6B;AAC3B/B,IAAAA,EAAE,CAAC8B,SAAD,CAAF,CAAcC,SAAd,CAAwB/B,EAAxB;AACD;AACF,CAJD;AAMAA,EAAE,CAACC,SAAH,GAAeA,SAAf;AACAD,EAAE,CAACR,SAAH,GAAeA,SAAf;AAEAwC,MAAM,CAACC,OAAP,GAAiBjC,EAAjB","sourceRoot":"/app/api/server/src/models","sourcesContent":["'use strict';\n\nconst fs = require('fs');\nconst path = require('path');\nconst Sequelize = require('sequelize');\n\nconst configJson = require('../config/config')\n\nconst basename = path.basename(__filename);\nconst env = process.env.NODE_ENV ? process.env.NODE_ENV : 'development';\n\nconst config = configJson[env]\n\nconst db = {};\n\nlet sequelize;\nif (config.environment === 'production') {\n  sequelize = new Sequelize(process.env[config.use_env_variable], config);\n  sequelize = new Sequelize( \n    process.env.DB_NAME,\n    process.env.DB_USER,\n    process.env.DB_PASS, {\n      host: process.env.DB_HOST,\n      port: process.env.DB_PORT,\n      dialect: 'postgres',\n      dialectOption: {\n        ssl: true,\n        native: true\n      },\n      logging: true\n    }\n  )\n} else {\n  sequelize = new Sequelize(config.database, config.username, config.password, config);\n}\n\nfs\n  .readdirSync(__dirname)\n  .filter(file => {\n    return (file.indexOf('.') !== 0) && (file !== basename) && (file.slice(-3) === '.js');\n  })\n  .forEach(file => {\n    const model = sequelize['import'](path.join(__dirname, file));\n    db[model.name] = model;\n  });\n\nObject.keys(db).forEach(modelName => {\n  if (db[modelName].associate) {\n    db[modelName].associate(db);\n  }\n});\n\ndb.sequelize = sequelize;\ndb.Sequelize = Sequelize;\n\nmodule.exports = db;\n"]},"_coverageSchema":"1a1c01bbd47fc00a2c39e90264f33305004495a9","hash":"85aa91dc6f7de06bb36e4acbeab7bc44af509ce7","contentHash":"f8435dc968e780954ebd1d478e47aad428a6ad0d5751afd09b215e0138c939bd"},"/app/api/server/src/config/config.js":{"path":"/app/api/server/src/config/config.js","statementMap":{"0":{"start":{"line":3,"column":0},"end":{"line":28,"column":2}}},"fnMap":{},"branchMap":{},"s":{"0":1},"f":{},"b":{},"inputSourceMap":{"version":3,"sources":["config.js"],"names":["module","exports"],"mappings":";;AAAAA,MAAM,CAACC,OAAP,GAAiB;AACf,iBAAe;AACb,gBAAY,UADC;AAEb,gBAAY,IAFC;AAGb,gBAAY,gBAHC;AAIb,YAAQ,IAJK;AAKb,eAAW,UALE;AAMb,wBAAoB;AANP,GADA;AASf,UAAQ;AACN,gBAAY,UADN;AAEN,gBAAY,IAFN;AAGN,gBAAY,SAHN;AAIN,YAAQ,IAJF;AAKN,eAAW,UALL;AAMN,wBAAoB;AANd,GATO;AAiBf,gBAAc;AACZ,gBAAY,UADA;AAEZ,gBAAY,IAFA;AAGZ,gBAAY,eAHA;AAIZ,YAAQ,WAJI;AAKZ,eAAW,UALC;AAMZ,wBAAoB;AANR;AAjBC,CAAjB","sourceRoot":"/app/api/server/src/config","sourcesContent":["module.exports = {\n  \"development\": {\n    \"username\": \"postgres\",\n    \"password\": null,\n    \"database\": \"bq_development\",\n    \"host\": \"db\",\n    \"dialect\": \"postgres\",\n    \"operatorsAliases\": 0\n  },\n  \"test\": {\n    \"username\": \"postgres\",\n    \"password\": null,\n    \"database\": \"bq_test\",\n    \"host\": \"db\",\n    \"dialect\": \"postgres\",\n    \"operatorsAliases\": 0\n  },\n  \"production\": {\n    \"username\": \"postgres\",\n    \"password\": null,\n    \"database\": \"bq_production\",\n    \"host\": \"localhost\",\n    \"dialect\": \"postgres\",\n    \"operatorsAliases\": 0\n  }\n}\n"]},"_coverageSchema":"1a1c01bbd47fc00a2c39e90264f33305004495a9","hash":"c763ccdc318d0f2f92fef6d4eddd2d268f4f7e0a","contentHash":"b24b6937228a84dab45843c61193fb0bc9888d9f4d989ecc1923d838ab7a5240"},"/app/api/server/src/models/order.js":{"path":"/app/api/server/src/models/order.js","statementMap":{"0":{"start":{"line":3,"column":0},"end":{"line":15,"column":2}},"1":{"start":{"line":4,"column":14},"end":{"line":9,"column":8}},"2":{"start":{"line":11,"column":2},"end":{"line":12,"column":4}},"3":{"start":{"line":14,"column":2},"end":{"line":14,"column":15}}},"fnMap":{"0":{"name":"(anonymous_0)","decl":{"start":{"line":3,"column":17},"end":{"line":3,"column":18}},"loc":{"start":{"line":3,"column":49},"end":{"line":15,"column":1}},"line":3},"1":{"name":"(anonymous_1)","decl":{"start":{"line":11,"column":20},"end":{"line":11,"column":21}},"loc":{"start":{"line":11,"column":38},"end":{"line":12,"column":3}},"line":11}},"branchMap":{},"s":{"0":1,"1":1,"2":1,"3":1},"f":{"0":1,"1":1},"b":{},"inputSourceMap":{"version":3,"sources":["order.js"],"names":["module","exports","sequelize","DataTypes","Order","define","client","STRING","status","table","INTEGER","waiter","associate","models"],"mappings":"AAAA;;AACAA,MAAM,CAACC,OAAP,GAAiB,UAACC,SAAD,EAAYC,SAAZ,EAA0B;AACzC,MAAMC,KAAK,GAAGF,SAAS,CAACG,MAAV,CAAiB,OAAjB,EAA0B;AACtCC,IAAAA,MAAM,EAAEH,SAAS,CAACI,MADoB;AAEtCC,IAAAA,MAAM,EAAEL,SAAS,CAACI,MAFoB;AAGtCE,IAAAA,KAAK,EAAEN,SAAS,CAACO,OAHqB;AAItCC,IAAAA,MAAM,EAAER,SAAS,CAACI;AAJoB,GAA1B,EAKX,EALW,CAAd;;AAMAH,EAAAA,KAAK,CAACQ,SAAN,GAAkB,UAASC,MAAT,EAAiB,CACjC;AACD,GAFD;;AAGA,SAAOT,KAAP;AACD,CAXD","sourceRoot":"/app/api/server/src/models","sourcesContent":["'use strict';\nmodule.exports = (sequelize, DataTypes) => {\n  const Order = sequelize.define('Order', {\n    client: DataTypes.STRING,\n    status: DataTypes.STRING,\n    table: DataTypes.INTEGER,\n    waiter: DataTypes.STRING\n  }, {});\n  Order.associate = function(models) {\n    //Order.hasMany(models.Table)\n  };\n  return Order;\n};"]},"_coverageSchema":"1a1c01bbd47fc00a2c39e90264f33305004495a9","hash":"1c54d85a4b700cc60a71cb6514af591f336704fc","contentHash":"97b4bcf2bd11d40e7dbb0c2c99d03e504f8464493404fe71e7a2952d17503c2c"},"/app/api/server/src/models/product.js":{"path":"/app/api/server/src/models/product.js","statementMap":{"0":{"start":{"line":3,"column":0},"end":{"line":15,"column":2}},"1":{"start":{"line":4,"column":16},"end":{"line":9,"column":8}},"2":{"start":{"line":11,"column":2},"end":{"line":12,"column":4}},"3":{"start":{"line":14,"column":2},"end":{"line":14,"column":17}}},"fnMap":{"0":{"name":"(anonymous_0)","decl":{"start":{"line":3,"column":17},"end":{"line":3,"column":18}},"loc":{"start":{"line":3,"column":49},"end":{"line":15,"column":1}},"line":3},"1":{"name":"(anonymous_1)","decl":{"start":{"line":11,"column":22},"end":{"line":11,"column":23}},"loc":{"start":{"line":11,"column":40},"end":{"line":12,"column":3}},"line":11}},"branchMap":{},"s":{"0":1,"1":1,"2":1,"3":1},"f":{"0":1,"1":1},"b":{},"inputSourceMap":{"version":3,"sources":["product.js"],"names":["module","exports","sequelize","DataTypes","Product","define","menu","STRING","name","price","DECIMAL","type","associate","models"],"mappings":"AAAA;;AACAA,MAAM,CAACC,OAAP,GAAiB,UAACC,SAAD,EAAYC,SAAZ,EAA0B;AACzC,MAAMC,OAAO,GAAGF,SAAS,CAACG,MAAV,CAAiB,SAAjB,EAA4B;AAC1CC,IAAAA,IAAI,EAAEH,SAAS,CAACI,MAD0B;AAE1CC,IAAAA,IAAI,EAAEL,SAAS,CAACI,MAF0B;AAG1CE,IAAAA,KAAK,EAAEN,SAAS,CAACO,OAAV,CAAkB,EAAlB,EAAqB,CAArB,CAHmC;AAI1CC,IAAAA,IAAI,EAAER,SAAS,CAACI;AAJ0B,GAA5B,EAKb,EALa,CAAhB;;AAMAH,EAAAA,OAAO,CAACQ,SAAR,GAAoB,UAASC,MAAT,EAAiB,CACnC;AACD,GAFD;;AAGA,SAAOT,OAAP;AACD,CAXD","sourceRoot":"/app/api/server/src/models","sourcesContent":["'use strict';\nmodule.exports = (sequelize, DataTypes) => {\n  const Product = sequelize.define('Product', {\n    menu: DataTypes.STRING,\n    name: DataTypes.STRING,\n    price: DataTypes.DECIMAL(10,2),\n    type: DataTypes.STRING\n  }, {});\n  Product.associate = function(models) {\n    //Product.belongsTo(models.Table)\n  };\n  return Product;\n};"]},"_coverageSchema":"1a1c01bbd47fc00a2c39e90264f33305004495a9","hash":"bfab7ba968270cfeffc7cd0dc02ae24b01f205fa","contentHash":"6010a8488e9eed8187c06c5b62cf84406d1c74216a4a8ec41b83008f11a07a63"},"/app/api/server/src/models/table.js":{"path":"/app/api/server/src/models/table.js","statementMap":{"0":{"start":{"line":3,"column":0},"end":{"line":17,"column":2}},"1":{"start":{"line":4,"column":14},"end":{"line":6,"column":8}},"2":{"start":{"line":8,"column":2},"end":{"line":14,"column":4}},"3":{"start":{"line":16,"column":2},"end":{"line":16,"column":15}}},"fnMap":{"0":{"name":"(anonymous_0)","decl":{"start":{"line":3,"column":17},"end":{"line":3,"column":18}},"loc":{"start":{"line":3,"column":49},"end":{"line":17,"column":1}},"line":3},"1":{"name":"(anonymous_1)","decl":{"start":{"line":8,"column":20},"end":{"line":8,"column":21}},"loc":{"start":{"line":8,"column":38},"end":{"line":14,"column":3}},"line":8}},"branchMap":{},"s":{"0":1,"1":1,"2":1,"3":1},"f":{"0":1,"1":1},"b":{},"inputSourceMap":{"version":3,"sources":["table.js"],"names":["module","exports","sequelize","DataTypes","Table","define","option","STRING","associate","models"],"mappings":"AAAA;;AACAA,MAAM,CAACC,OAAP,GAAiB,UAACC,SAAD,EAAYC,SAAZ,EAA0B;AACzC,MAAMC,KAAK,GAAGF,SAAS,CAACG,MAAV,CAAiB,OAAjB,EAA0B;AACtCC,IAAAA,MAAM,EAAEH,SAAS,CAACI;AADoB,GAA1B,EAEX,EAFW,CAAd;;AAGAH,EAAAA,KAAK,CAACI,SAAN,GAAkB,UAASC,MAAT,EAAiB,CACjC;AACA;AACA;AACA;AACA;AACA;AACD,GAPD;;AAQA,SAAOL,KAAP;AACD,CAbD","sourceRoot":"/app/api/server/src/models","sourcesContent":["'use strict';\nmodule.exports = (sequelize, DataTypes) => {\n  const Table = sequelize.define('Table', {\n    option: DataTypes.STRING,\n  }, {});\n  Table.associate = function(models) {\n    // Table.hasMany(models.Product, {\n    //   foreingKey: 'productId'\n    // })\n    // Table.hasMany(models.Order, {\n    //   foreingKey: 'orderId'\n    // })\n  };\n  return Table;\n};"]},"_coverageSchema":"1a1c01bbd47fc00a2c39e90264f33305004495a9","hash":"c7bb02fbfb35b7b20fb93f33242493ecca5e57eb","contentHash":"3e1cf8ef154b4f34370d06be508fdd49d923f8a89caa8cd96998388bf3153561"},"/app/api/server/utils/Utils.js":{"path":"/app/api/server/utils/Utils.js","statementMap":{"0":{"start":{"line":3,"column":29},"end":{"line":3,"column":84}},"1":{"start":{"line":5,"column":0},"end":{"line":7,"column":3}},"2":{"start":{"line":8,"column":0},"end":{"line":8,"column":28}},"3":{"start":{"line":10,"column":23},"end":{"line":10,"column":95}},"4":{"start":{"line":12,"column":20},"end":{"line":12,"column":89}},"5":{"start":{"line":16,"column":0},"end":{"line":60,"column":3}},"6":{"start":{"line":18,"column":4},"end":{"line":18,"column":49}},"7":{"start":{"line":19,"column":4},"end":{"line":19,"column":27}},"8":{"start":{"line":20,"column":4},"end":{"line":20,"column":21}},"9":{"start":{"line":21,"column":4},"end":{"line":21,"column":21}},"10":{"start":{"line":22,"column":4},"end":{"line":22,"column":24}},"11":{"start":{"line":25,"column":2},"end":{"line":58,"column":6}},"12":{"start":{"line":28,"column":6},"end":{"line":28,"column":35}},"13":{"start":{"line":29,"column":6},"end":{"line":29,"column":29}},"14":{"start":{"line":30,"column":6},"end":{"line":30,"column":23}},"15":{"start":{"line":31,"column":6},"end":{"line":31,"column":28}},"16":{"start":{"line":36,"column":6},"end":{"line":36,"column":35}},"17":{"start":{"line":37,"column":6},"end":{"line":37,"column":29}},"18":{"start":{"line":38,"column":6},"end":{"line":38,"column":26}},"19":{"start":{"line":43,"column":19},"end":{"line":47,"column":7}},"20":{"start":{"line":49,"column":6},"end":{"line":51,"column":7}},"21":{"start":{"line":50,"column":8},"end":{"line":50,"column":56}},"22":{"start":{"line":53,"column":6},"end":{"line":56,"column":9}},"23":{"start":{"line":59,"column":2},"end":{"line":59,"column":14}},"24":{"start":{"line":62,"column":0},"end":{"line":62,"column":26}}},"fnMap":{"0":{"name":"(anonymous_0)","decl":{"start":{"line":16,"column":0},"end":{"line":16,"column":1}},"loc":{"start":{"line":16,"column":12},"end":{"line":60,"column":1}},"line":16},"1":{"name":"Util","decl":{"start":{"line":17,"column":11},"end":{"line":17,"column":15}},"loc":{"start":{"line":17,"column":18},"end":{"line":23,"column":3}},"line":17},"2":{"name":"setSuccess","decl":{"start":{"line":27,"column":20},"end":{"line":27,"column":30}},"loc":{"start":{"line":27,"column":58},"end":{"line":32,"column":5}},"line":27},"3":{"name":"setError","decl":{"start":{"line":35,"column":20},"end":{"line":35,"column":28}},"loc":{"start":{"line":35,"column":50},"end":{"line":39,"column":5}},"line":35},"4":{"name":"send","decl":{"start":{"line":42,"column":20},"end":{"line":42,"column":24}},"loc":{"start":{"line":42,"column":30},"end":{"line":57,"column":5}},"line":42}},"branchMap":{"0":{"loc":{"start":{"line":49,"column":6},"end":{"line":51,"column":7}},"type":"if","locations":[{"start":{"line":49,"column":6},"end":{"line":51,"column":7}},{"start":{"line":49,"column":6},"end":{"line":51,"column":7}}],"line":49}},"s":{"0":1,"1":1,"2":1,"3":1,"4":1,"5":1,"6":3,"7":3,"8":3,"9":3,"10":3,"11":1,"12":10,"13":10,"14":10,"15":10,"16":14,"17":14,"18":14,"19":24,"20":24,"21":10,"22":14,"23":1,"24":1},"f":{"0":1,"1":3,"2":10,"3":14,"4":24},"b":{"0":[10,14]},"inputSourceMap":{"version":3,"sources":["Utils.js"],"names":["Util","statusCode","type","data","message","res","result","status","json"],"mappings":";;;;;;;;;;;;;IAAqBA,I;;;AACjB,kBAAc;AAAA;AACZ,SAAKC,UAAL,GAAkB,IAAlB;AACA,SAAKC,IAAL,GAAY,IAAZ;AACA,SAAKC,IAAL,GAAY,IAAZ;AACA,SAAKC,OAAL,GAAe,IAAf;AACD;;;;+BAEUH,U,EAAYG,O,EAASD,I,EAAM;AACpC,WAAKF,UAAL,GAAkBA,UAAlB;AACA,WAAKG,OAAL,GAAeA,OAAf;AACA,WAAKD,IAAL,GAAYA,IAAZ;AACA,WAAKD,IAAL,GAAY,SAAZ;AACD;;;6BAEQD,U,EAAYG,O,EAAS;AAC5B,WAAKH,UAAL,GAAkBA,UAAlB;AACA,WAAKG,OAAL,GAAeA,OAAf;AACA,WAAKF,IAAL,GAAY,OAAZ;AACD;;;yBAEIG,G,EAAK;AACR,UAAMC,MAAM,GAAG;AACbC,QAAAA,MAAM,EAAE,KAAKL,IADA;AAEbE,QAAAA,OAAO,EAAE,KAAKA,OAFD;AAGbD,QAAAA,IAAI,EAAE,KAAKA;AAHE,OAAf;;AAMA,UAAI,KAAKD,IAAL,KAAc,SAAlB,EAA6B;AAC3B,eAAOG,GAAG,CAACE,MAAJ,CAAW,KAAKN,UAAhB,EAA4BO,IAA5B,CAAiCF,MAAjC,CAAP;AACD;;AACD,aAAOD,GAAG,CAACE,MAAJ,CAAW,KAAKN,UAAhB,EAA4BO,IAA5B,CAAiC;AACtCD,QAAAA,MAAM,EAAE,KAAKL,IADyB;AAEtCE,QAAAA,OAAO,EAAE,KAAKA;AAFwB,OAAjC,CAAP;AAID","sourceRoot":"/app/api/server/utils","sourcesContent":["export default class Util {\n    constructor() {\n      this.statusCode = null\n      this.type = null\n      this.data = null\n      this.message = null\n    }\n  \n    setSuccess(statusCode, message, data) {\n      this.statusCode = statusCode\n      this.message = message\n      this.data = data\n      this.type = 'success'\n    }\n  \n    setError(statusCode, message) {\n      this.statusCode = statusCode\n      this.message = message\n      this.type = 'error'\n    }\n  \n    send(res) {\n      const result = {\n        status: this.type,\n        message: this.message,\n        data: this.data,\n      }\n  \n      if (this.type === 'success') {\n        return res.status(this.statusCode).json(result)\n      }\n      return res.status(this.statusCode).json({\n        status: this.type,\n        message: this.message,\n      })\n    }\n  }"]},"_coverageSchema":"1a1c01bbd47fc00a2c39e90264f33305004495a9","hash":"a61ca913dbfd1183093e510f8707126f4656daaa","contentHash":"5eaf0bce941470c8ce98d0fe9ebb41c80f49564b5535deea69994424b2e3e57f"},"/app/api/server/routes/OrderRoutes.js":{"path":"/app/api/server/routes/OrderRoutes.js","statementMap":{"0":{"start":{"line":3,"column":29},"end":{"line":3,"column":84}},"1":{"start":{"line":5,"column":0},"end":{"line":7,"column":3}},"2":{"start":{"line":8,"column":0},"end":{"line":8,"column":28}},"3":{"start":{"line":10,"column":15},"end":{"line":10,"column":33}},"4":{"start":{"line":12,"column":23},"end":{"line":12,"column":88}},"5":{"start":{"line":14,"column":13},"end":{"line":14,"column":35}},"6":{"start":{"line":15,"column":0},"end":{"line":15,"column":58}},"7":{"start":{"line":16,"column":0},"end":{"line":16,"column":55}},"8":{"start":{"line":17,"column":0},"end":{"line":17,"column":57}},"9":{"start":{"line":18,"column":0},"end":{"line":18,"column":61}},"10":{"start":{"line":19,"column":0},"end":{"line":19,"column":66}},"11":{"start":{"line":20,"column":15},"end":{"line":20,"column":21}},"12":{"start":{"line":21,"column":0},"end":{"line":21,"column":30}}},"fnMap":{},"branchMap":{},"s":{"0":1,"1":1,"2":1,"3":1,"4":1,"5":1,"6":1,"7":1,"8":1,"9":1,"10":1,"11":1,"12":1},"f":{},"b":{},"inputSourceMap":{"version":3,"sources":["OrderRoutes.js"],"names":["router","get","OrderController","getAllOrders","post","addOrder","getOrder","put","updatedOrder","deleteOrder"],"mappings":";;;;;;;;;AAAA;;AACA;;AAEA,IAAMA,MAAM,GAAG,sBAAf;AACAA,MAAM,CAACC,GAAP,CAAW,GAAX,EAAgBC,4BAAgBC,YAAhC;AACAH,MAAM,CAACI,IAAP,CAAY,GAAZ,EAAgBF,4BAAgBG,QAAhC;AACAL,MAAM,CAACC,GAAP,CAAW,MAAX,EAAmBC,4BAAgBI,QAAnC;AACAN,MAAM,CAACO,GAAP,CAAW,MAAX,EAAmBL,4BAAgBM,YAAnC;AACAR,MAAM,UAAN,CAAc,MAAd,EAAsBE,4BAAgBO,WAAtC;eAEeT,M","sourceRoot":"/app/api/server/routes","sourcesContent":["import { Router } from 'express'\nimport OrderController from '../controllers/OrderController'\n\nconst router = Router()\nrouter.get('/', OrderController.getAllOrders)\nrouter.post('/',OrderController.addOrder)\nrouter.get('/:id', OrderController.getOrder)\nrouter.put('/:id', OrderController.updatedOrder)\nrouter.delete('/:id', OrderController.deleteOrder)\n\nexport default router"]},"_coverageSchema":"1a1c01bbd47fc00a2c39e90264f33305004495a9","hash":"bedeb9b452124a5e90eea0de6789c0666e4bf3f3","contentHash":"00ffffb1fe90850e29cb74748eea27a64ae023f6c7ceab5eb2eb6d7e62120377"},"/app/api/server/controllers/OrderController.js":{"path":"/app/api/server/controllers/OrderController.js","statementMap":{"0":{"start":{"line":3,"column":29},"end":{"line":3,"column":84}},"1":{"start":{"line":5,"column":0},"end":{"line":7,"column":3}},"2":{"start":{"line":8,"column":0},"end":{"line":8,"column":28}},"3":{"start":{"line":10,"column":19},"end":{"line":10,"column":80}},"4":{"start":{"line":12,"column":25},"end":{"line":12,"column":99}},"5":{"start":{"line":14,"column":23},"end":{"line":14,"column":95}},"6":{"start":{"line":16,"column":20},"end":{"line":16,"column":89}},"7":{"start":{"line":18,"column":20},"end":{"line":18,"column":79}},"8":{"start":{"line":20,"column":13},"end":{"line":20,"column":62}},"9":{"start":{"line":22,"column":11},"end":{"line":22,"column":34}},"10":{"start":{"line":26,"column":0},"end":{"line":303,"column":3}},"11":{"start":{"line":28,"column":4},"end":{"line":28,"column":60}},"12":{"start":{"line":31,"column":2},"end":{"line":301,"column":6}},"13":{"start":{"line":34,"column":26},"end":{"line":69,"column":9}},"14":{"start":{"line":38,"column":8},"end":{"line":68,"column":36}},"15":{"start":{"line":39,"column":10},"end":{"line":67,"column":11}},"16":{"start":{"line":40,"column":12},"end":{"line":66,"column":13}},"17":{"start":{"line":42,"column":16},"end":{"line":42,"column":34}},"18":{"start":{"line":43,"column":16},"end":{"line":43,"column":34}},"19":{"start":{"line":44,"column":16},"end":{"line":44,"column":63}},"20":{"start":{"line":47,"column":16},"end":{"line":47,"column":42}},"21":{"start":{"line":49,"column":16},"end":{"line":53,"column":17}},"22":{"start":{"line":50,"column":18},"end":{"line":50,"column":70}},"23":{"start":{"line":52,"column":18},"end":{"line":52,"column":57}},"24":{"start":{"line":55,"column":16},"end":{"line":55,"column":65}},"25":{"start":{"line":58,"column":16},"end":{"line":58,"column":34}},"26":{"start":{"line":59,"column":16},"end":{"line":59,"column":51}},"27":{"start":{"line":60,"column":16},"end":{"line":60,"column":48}},"28":{"start":{"line":61,"column":16},"end":{"line":61,"column":65}},"29":{"start":{"line":65,"column":16},"end":{"line":65,"column":39}},"30":{"start":{"line":72,"column":8},"end":{"line":72,"column":52}},"31":{"start":{"line":75,"column":6},"end":{"line":75,"column":26}},"32":{"start":{"line":80,"column":22},"end":{"line":121,"column":9}},"33":{"start":{"line":84,"column":8},"end":{"line":120,"column":38}},"34":{"start":{"line":85,"column":10},"end":{"line":119,"column":11}},"35":{"start":{"line":86,"column":12},"end":{"line":118,"column":13}},"36":{"start":{"line":88,"column":16},"end":{"line":88,"column":95}},"37":{"start":{"line":90,"column":16},"end":{"line":93,"column":17}},"38":{"start":{"line":91,"column":18},"end":{"line":91,"column":37}},"39":{"start":{"line":92,"column":18},"end":{"line":92,"column":24}},"40":{"start":{"line":95,"column":16},"end":{"line":95,"column":70}},"41":{"start":{"line":96,"column":16},"end":{"line":96,"column":66}},"42":{"start":{"line":99,"column":16},"end":{"line":99,"column":36}},"43":{"start":{"line":100,"column":16},"end":{"line":100,"column":35}},"44":{"start":{"line":101,"column":16},"end":{"line":101,"column":35}},"45":{"start":{"line":102,"column":16},"end":{"line":102,"column":67}},"46":{"start":{"line":105,"column":16},"end":{"line":105,"column":46}},"47":{"start":{"line":106,"column":16},"end":{"line":106,"column":67}},"48":{"start":{"line":107,"column":16},"end":{"line":107,"column":66}},"49":{"start":{"line":110,"column":16},"end":{"line":110,"column":36}},"50":{"start":{"line":111,"column":16},"end":{"line":111,"column":53}},"51":{"start":{"line":112,"column":16},"end":{"line":112,"column":57}},"52":{"start":{"line":113,"column":16},"end":{"line":113,"column":66}},"53":{"start":{"line":117,"column":16},"end":{"line":117,"column":40}},"54":{"start":{"line":124,"column":8},"end":{"line":124,"column":48}},"55":{"start":{"line":127,"column":6},"end":{"line":127,"column":22}},"56":{"start":{"line":132,"column":26},"end":{"line":179,"column":9}},"57":{"start":{"line":136,"column":8},"end":{"line":178,"column":38}},"58":{"start":{"line":137,"column":10},"end":{"line":177,"column":11}},"59":{"start":{"line":138,"column":12},"end":{"line":176,"column":13}},"60":{"start":{"line":140,"column":16},"end":{"line":140,"column":40}},"61":{"start":{"line":141,"column":16},"end":{"line":141,"column":35}},"62":{"start":{"line":143,"column":16},"end":{"line":146,"column":17}},"63":{"start":{"line":144,"column":18},"end":{"line":144,"column":37}},"64":{"start":{"line":145,"column":18},"end":{"line":145,"column":24}},"65":{"start":{"line":148,"column":16},"end":{"line":148,"column":73}},"66":{"start":{"line":149,"column":16},"end":{"line":149,"column":66}},"67":{"start":{"line":152,"column":16},"end":{"line":152,"column":35}},"68":{"start":{"line":153,"column":16},"end":{"line":153,"column":35}},"69":{"start":{"line":154,"column":16},"end":{"line":154,"column":78}},"70":{"start":{"line":157,"column":16},"end":{"line":157,"column":45}},"71":{"start":{"line":159,"column":16},"end":{"line":163,"column":17}},"72":{"start":{"line":160,"column":18},"end":{"line":160,"column":83}},"73":{"start":{"line":162,"column":18},"end":{"line":162,"column":69}},"74":{"start":{"line":165,"column":16},"end":{"line":165,"column":66}},"75":{"start":{"line":168,"column":16},"end":{"line":168,"column":36}},"76":{"start":{"line":169,"column":16},"end":{"line":169,"column":53}},"77":{"start":{"line":170,"column":16},"end":{"line":170,"column":49}},"78":{"start":{"line":171,"column":16},"end":{"line":171,"column":66}},"79":{"start":{"line":175,"column":16},"end":{"line":175,"column":40}},"80":{"start":{"line":182,"column":8},"end":{"line":182,"column":52}},"81":{"start":{"line":185,"column":6},"end":{"line":18
[...]
put a valid numeric value')\n      return util.send(res)\n    }\n    try {\n      const updateTable = await TableService.updateTable(id, alteredTable)\n      if (!updateTable) {\n        util.setError(404, `Cannot find Table with the id: ${id}`)\n      } else {\n        util.setSuccess(200, 'Table updated', updateTable)\n      }\n      return util.send(res)\n    } catch (error) {\n      util.setError(404, error)\n      return util.send(res)\n    }\n  }\n\n  static async getTable(req, res) {\n    const { id } = req.params\n    if (!Number(id)) {\n      util.setError(400, 'Please input a valid numeric value')\n      return util.send(res)\n    }\n    try {\n      const theTable = await TableService.getTable(id)\n\n      if (!theTable) {\n        util.setError(404, `Cannot find Table with the id ${id}`)\n      } else {\n        util.setSuccess(200, 'Found Table', theTable)\n      }\n      return util.send(res)\n    } catch (error) {\n      util.setError(404, error)\n      return util.send(res)\n    }\n  }\n\n  static async deleteTable(req, res) {\n    const { id } = req.params\n\n    if (!Number(id)) {\n      util.setError(400, 'Please provide a numeric value')\n      return util.send(res)\n    }\n\n    try {\n      const tableToDelete = await TableService.deleteTable(id)\n\n      if (tableToDelete) {\n        util.setSuccess(200, 'Table deleted')\n      } else {\n        util.setError(404, `Table with the id ${id} cannot be found`)\n      }\n      return util.send(res)\n    } catch (error) {\n      util.setError(400, error)\n      return util.send(res)\n    }\n  }\n}\n\nexport default TableController\n"]},"_coverageSchema":"1a1c01bbd47fc00a2c39e90264f33305004495a9","hash":"8c4f724e5c22cb626b40dbc94aa15a3ef65bdcf2","contentHash":"ea89f82703005f1ff6839fda841cc0f47fcf07f0b490e512c379b99e0a02417d"},"/app/api/server/services/TableService.js":{"path":"/app/api/server/services/TableService.js","statementMap":{"0":{"start":{"line":3,"column":29},"end":{"line":3,"column":84}},"1":{"start":{"line":5,"column":0},"end":{"line":7,"column":3}},"2":{"start":{"line":8,"column":0},"end":{"line":8,"column":28}},"3":{"start":{"line":10,"column":19},"end":{"line":10,"column":80}},"4":{"start":{"line":12,"column":25},"end":{"line":12,"column":99}},"5":{"start":{"line":14,"column":23},"end":{"line":14,"column":95}},"6":{"start":{"line":16,"column":20},"end":{"line":16,"column":89}},"7":{"start":{"line":18,"column":14},"end":{"line":18,"column":62}},"8":{"start":{"line":22,"column":0},"end":{"line":263,"column":3}},"9":{"start":{"line":24,"column":4},"end":{"line":24,"column":57}},"10":{"start":{"line":27,"column":2},"end":{"line":261,"column":6}},"11":{"start":{"line":30,"column":26},"end":{"line":55,"column":9}},"12":{"start":{"line":33,"column":8},"end":{"line":54,"column":36}},"13":{"start":{"line":34,"column":10},"end":{"line":53,"column":11}},"14":{"start":{"line":35,"column":12},"end":{"line":52,"column":13}},"15":{"start":{"line":37,"column":16},"end":{"line":37,"column":34}},"16":{"start":{"line":38,"column":16},"end":{"line":38,"column":34}},"17":{"start":{"line":39,"column":16},"end":{"line":39,"column":58}},"18":{"start":{"line":42,"column":16},"end":{"line":42,"column":64}},"19":{"start":{"line":45,"column":16},"end":{"line":45,"column":34}},"20":{"start":{"line":46,"column":16},"end":{"line":46,"column":51}},"21":{"start":{"line":47,"column":16},"end":{"line":47,"column":34}},"22":{"start":{"line":51,"column":16},"end":{"line":51,"column":39}},"23":{"start":{"line":58,"column":8},"end":{"line":58,"column":52}},"24":{"start":{"line":61,"column":6},"end":{"line":61,"column":26}},"25":{"start":{"line":66,"column":22},"end":{"line":92,"column":9}},"26":{"start":{"line":69,"column":8},"end":{"line":91,"column":37}},"27":{"start":{"line":70,"column":10},"end":{"line":90,"column":11}},"28":{"start":{"line":71,"column":12},"end":{"line":89,"column":13}},"29":{"start":{"line":73,"column":16},"end":{"line":73,"column":35}},"30":{"start":{"line":74,"column":16},"end":{"line":74,"column":38}},"31":{"start":{"line":75,"column":16},"end":{"line":75,"column":35}},"32":{"start":{"line":76,"column":16},"end":{"line":76,"column":65}},"33":{"start":{"line":79,"column":16},"end":{"line":79,"column":66}},"34":{"start":{"line":82,"column":16},"end":{"line":82,"column":35}},"35":{"start":{"line":83,"column":16},"end":{"line":83,"column":53}},"36":{"start":{"line":84,"column":16},"end":{"line":84,"column":35}},"37":{"start":{"line":88,"column":16},"end":{"line":88,"column":40}},"38":{"start":{"line":95,"column":8},"end":{"line":95,"column":48}},"39":{"start":{"line":98,"column":6},"end":{"line":98,"column":22}},"40":{"start":{"line":103,"column":26},"end":{"line":151,"column":9}},"41":{"start":{"line":107,"column":8},"end":{"line":150,"column":38}},"42":{"start":{"line":108,"column":10},"end":{"line":149,"column":11}},"43":{"start":{"line":109,"column":12},"end":{"line":148,"column":13}},"44":{"start":{"line":111,"column":16},"end":{"line":111,"column":35}},"45":{"start":{"line":112,"column":16},"end":{"line":112,"column":35}},"46":{"start":{"line":113,"column":16},"end":{"line":117,"column":19}},"47":{"start":{"line":120,"column":16},"end":{"line":120,"column":47}},"48":{"start":{"line":122,"column":16},"end":{"line":125,"column":17}},"49":{"start":{"line":123,"column":18},"end":{"line":123,"column":37}},"50":{"start":{"line":124,"column":18},"end":{"line":124,"column":24}},"51":{"start":{"line":127,"column":16},"end":{"line":127,"column":35}},"52":{"start":{"line":128,"column":16},"end":{"line":132,"column":19}},"53":{"start":{"line":135,"column":16},"end":{"line":135,"column":64}},"54":{"start":{"line":138,"column":16},"end":{"line":138,"column":56}},"55":{"start":{"line":141,"column":16},"end":{"line":141,"column":36}},"56":{"start":{"line":142,"column":16},"end":{"line":142,"column":53}},"57":{"start":{"line":143,"column":16},"end":{"line":143,"column":35}},"58":{"start":{"line":147,"column":16},"end":{"line":147,"column":40}},"59":{"start":{"line":154,"column":8},"end":{"line":154,"column":52}},"60":{"start":{"line":157,"column":6},"end":{"line":157,"column":25}},"61":{"start":{"line":162,"column":22},"end":{"line":193,"column":9}},"62":{"start":{"line":166,"column":8},"end":{"line":192,"column":37}},"63":{"start":{"line":167,"column":10},"end":{"line":191,"column":11}},"64":{"start":{"line":168,"column":12},"end":{"line":190,"column":13}},"65":{"start":{"line":170,"column":16},"end":{"line":170,"column":35}},"66":{"start":{"line":171,"column":16},"end":{"line":171,"column":35}},"67":{"start":{"line":172,"column":16},"end":{"line":176,"column":19}},"68":{"start":{"line":179,"column":16},"end":{"line":179,"column":42}},"69":{"start":{"line":180,"column":16},"end":{"line":180,"column":60}},"70":{"start":{"line":183,"column":16},"end":{"line":183,"column":35}},"71":{"start":{"line":184,"column":16},"end":{"line":184,"column":53}},"72":{"start":{"line":185,"column":16},"end":{"line":185,"column":35}},"73":{"start":{"line":189,"column":16},"end":{"line":189,"column":40}},"74":{"start":{"line":196,"column":8},"end":{"line":196,"column":48}},"75":{"start":{"line":199,"column":6},"end":{"line":199,"column":22}},"76":{"start":{"line":204,"column":25},"end":{"line":253,"column":9}},"77":{"start":{"line":208,"column":8},"end":{"line":252,"column":38}},"78":{"start":{"line":209,"column":10},"end":{"line":251,"column":11}},"79":{"start":{"line":210,"column":12},"end":{"line":250,"column":13}},"80":{"start":{"line":212,"column":16},"end":{"line":212,"column":35}},"81":{"start":{"line":213,"column":16},"end":{"line":213,"column":35}},"82":{"start":{"line":214,"column":16},"end":{"line":218,"column":19}},"83":{"start":{"line":221,"column":16},"end":{"line":221,"column":47}},"84":{"start":{"line":223,"column":16},"end":{"line":226,"column":17}},"85":{"start":{"line":224,"column":18},"end":{"line":224,"column":37}},"86":{"start":{"line":225,"column":18},"end":{"line":225,"column":24}},"87":{"start":{"line":228,"column":16},"end":{"line":228,"column":35}},"88":{"start":{"line":229,"column":16},"end":{"line":233,"column":19}},"89":{"start":{"line":236,"column":16},"end":{"line":236,"column":46}},"90":{"start":{"line":237,"column":16},"end":{"line":237,"column":64}},"91":{"start":{"line":240,"column":16},"end":{"line":240,"column":56}},"92":{"start":{"line":243,"column":16},"end":{"line":243,"column":36}},"93":{"start":{"line":244,"column":16},"end":{"line":244,"column":53}},"94":{"start":{"line":245,"column":16},"end":{"line":245,"column":35}},"95":{"start":{"line":249,"column":16},"end":{"line":249,"column":40}},"96":{"start":{"line":256,"column":8},"end":{"line":256,"column":51}},"97":{"start":{"line":259,"column":6},"end":{"line":259,"column":25}},"98":{"start":{"line":262,"column":2},"end":{"line":262,"column":22}},"99":{"start":{"line":265,"column":15},"end":{"line":265,"column":27}},"100":{"start":{"line":266,"column":0},"end":{"line":266,"column":30}}},"fnMap":{"0":{"name":"(anonymous_0)","decl":{"start":{"line":22,"column":0},"end":{"line":22,"column":1}},"loc":{"start":{"line":22,"column":12},"end":{"line":263,"column":1}},"line":22},"1":{"name":"TableService","decl":{"start":{"line":23,"column":11},"end":{"line":23,"column":23}},"loc":{"start":{"line":23,"column":26},"end":{"line":25,"column":3}},"line":23},"2":{"name":"(anonymous_2)","decl":{"start":{"line":29,"column":11},"end":{"line":29,"column":12}},"loc":{"start":{"line":29,"column":23},"end":{"line":62,"column":5}},"line":29},"3":{"name":"_callee","decl":{"start":{"line":32,"column":44},"end":{"line":32,"column":51}},"loc":{"start":{"line":32,"column":54},"end":{"line":55,"column":7}},"line":32},"4":{"name":"_callee$","decl":{"start":{"line":33,"column":53},"end":{"line":33,"column":61}},"loc":{"start":{"line":33,"column":72},"end":{"line":54,"column":9}},"line":33},"5":{"name":"getAllTables","decl":{"start":{"line":57,"column":15},"end":{"line":57,"column":27}},"loc":{"start":{"line":57,"column":30},"end":{"line":59,"column":7}},"line":57},"6":{"name":"(anonymous_6)","decl":{"start":{"line":65,"column":11},"end":{"line":65,"column":12}},"loc":{"start":{"line":65,"column":23},"end":{"line":99,"column":5}},"line":65},"7":{"name":"_callee2","decl":{"start":{"line":68,"column":44},"end":{"line":68,"column":52}},"loc":{"start":{"line":68,"column":63},"end":{"line":92,"column":7}},"line":68},"8":{"name":"_callee2$","decl":{"start":{"line":69,"column":53},"end":{"line":69,"column":62}},"loc":{"start":{"line":69,"column":74},"end":{"line":91,"column":9}},"line":69},"9":{"name":"addTable","decl":{"start":{"line":94,"column":15},"end":{"line":94,"column":23}},"loc":{"start":{"line":94,"column":28},"end":{"line":96,"column":7}},"line":94},"10":{"name":"(anonymous_10)","decl":{"start":{"line":102,"column":11},"end":{"line":102,"column":12}},"loc":{"start":{"line":102,"column":23},"end":{"line":158,"column":5}},"line":102},"11":{"name":"_callee3","decl":{"start":{"line":105,"column":44},"end":{"line":105,"column":52}},"loc":{"start":{"line":105,"column":71},"end":{"line":151,"column":7}},"line":105},"12":{"name":"_callee3$","decl":{"start":{"line":107,"column":53},"end":{"line":107,"column":62}},"loc":{"start":{"line":107,"column":74},"end":{"line":150,"column":9}},"line":107},"13":{"name":"updateTable","decl":{"start":{"line":153,"column":15},"end":{"line":153,"column":26}},"loc":{"start":{"line":153,"column":37},"end":{"line":155,"column":7}},"line":153},"14":{"name":"(anonymous_14)","decl":{"start":{"line":161,"column":11},"end":{"line":161,"column":12}},"loc":{"start":{"line":161,"column":23},"end":{"line":200,"column":5}},"line":161},"15":{"name":"_callee4","decl":{"start":{"line":164,"column":44},"end":{"line":164,"column":52}},"loc":{"start":{"line":164,"column":57},"end":{"line":193,"column":7}},"line":164},"16":{"name":"_callee4$","decl":{"start":{"line":166,"column":53},"end":{"line":166,"column":62}},"loc":{"start":{"line":166,"column":74},"end":{"line":192,"column":9}},"line":166},"17":{"name":"getTable","decl":{"start":{"line":195,"column":15},"end":{"line":195,"column":23}},"loc":{"start":{"line":195,"column":29},"end":{"line":197,"column":7}},"line":195},"18":{"name":"(anonymous_18)","decl":{"start":{"line":203,"column":11},"end":{"line":203,"column":12}},"loc":{"start":{"line":203,"column":23},"end":{"line":260,"column":5}},"line":203},"19":{"name":"_callee5","decl":{"start":{"line":206,"column":44},"end":{"line":206,"column":52}},"loc":{"start":{"line":206,"column":57},"end":{"line":253,"column":7}},"line":206},"20":{"name":"_callee5$","decl":{"start":{"line":208,"column":53},"end":{"line":208,"column":62}},"loc":{"start":{"line":208,"column":74},"end":{"line":252,"column":9}},"line":208},"21":{"name":"deleteTable","decl":{"start":{"line":255,"column":15},"end":{"line":255,"column":26}},"loc":{"start":{"line":255,"column":32},"end":{"line":257,"column":7}},"line":255}},"branchMap":{"0":{"loc":{"start":{"line":35,"column":12},"end":{"line":52,"column":13}},"type":"switch","locations":[{"start":{"line":36,"column":14},"end":{"line":39,"column":58}},{"start":{"line":41,"column":14},"end":{"line":42,"column":64}},{"start":{"line":44,"column":14},"end":{"line":47,"column":34}},{"start":{"line":49,"column":14},"end":{"line":49,"column":21}},{"start":{"line":50,"column":14},"end":{"line":51,"column":39}}],"line":35},"1":{"loc":{"start":{"line":71,"column":12},"end":{"line":89,"column":13}},"type":"switch","locations":[{"start":{"line":72,"column":14},"end":{"line":76,"column":65}},{"start":{"line":78,"column":14},"end":{"line":79,"column":66}},{"start":{"line":81,"column":14},"end":{"line":84,"column":35}},{"start":{"line":86,"column":14},"end":{"line":86,"column":22}},{"start":{"line":87,"column":14},"end":{"line":88,"column":40}}],"line":71},"2":{"loc":{"start":{"line":109,"column":12},"end":{"line":148,"column":13}},"type":"switch","locations":[{"start":{"line":110,"column":14},"end":{"line":117,"column":19}},{"start":{"line":119,"column":14},"end":{"line":132,"column":19}},{"start":{"line":134,"column":14},"end":{"line":135,"column":64}},{"start":{"line":137,"column":14},"end":{"line":138,"column":56}},{"start":{"line":140,"column":14},"end":{"line":143,"column":35}},{"start":{"line":145,"column":14},"end":{"line":145,"column":22}},{"start":{"line":146,"column":14},"end":{"line":147,"column":40}}],"line":109},"3":{"loc":{"start":{"line":122,"column":16},"end":{"line":125,"column":17}},"type":"if","locations":[{"start":{"line":122,"column":16},"end":{"line":125,"column":17}},{"start":{"line":122,"column":16},"end":{"line":125,"column":17}}],"line":122},"4":{"loc":{"start":{"line":168,"column":12},"end":{"line":190,"column":13}},"type":"switch","locations":[{"start":{"line":169,"column":14},"end":{"line":176,"column":19}},{"start":{"line":178,"column":14},"end":{"line":180,"column":60}},{"start":{"line":182,"column":14},"end":{"line":185,"column":35}},{"start":{"line":187,"column":14},"end":{"line":187,"column":22}},{"start":{"line":188,"column":14},"end":{"line":189,"column":40}}],"line":168},"5":{"loc":{"start":{"line":210,"column":12},"end":{"line":250,"column":13}},"type":"switch","locations":[{"start":{"line":211,"column":14},"end":{"line":218,"column":19}},{"start":{"line":220,"column":14},"end":{"line":233,"column":19}},{"start":{"line":235,"column":14},"end":{"line":237,"column":64}},{"start":{"line":239,"column":14},"end":{"line":240,"column":56}},{"start":{"line":242,"column":14},"end":{"line":245,"column":35}},{"start":{"line":247,"column":14},"end":{"line":247,"column":22}},{"start":{"line":248,"column":14},"end":{"line":249,"column":40}}],"line":210},"6":{"loc":{"start":{"line":223,"column":16},"end":{"line":226,"column":17}},"type":"if","locations":[{"start":{"line":223,"column":16},"end":{"line":226,"column":17}},{"start":{"line":223,"column":16},"end":{"line":226,"column":17}}],"line":223}},"s":{"0":1,"1":1,"2":1,"3":1,"4":1,"5":1,"6":1,"7":1,"8":1,"9":0,"10":1,"11":1,"12":0,"13":0,"14":0,"15":0,"16":0,"17":0,"18":0,"19":0,"20":0,"21":0,"22":0,"23":0,"24":1,"25":1,"26":0,"27":0,"28":0,"29":0,"30":0,"31":0,"32":0,"33":0,"34":0,"35":0,"36":0,"37":0,"38":0,"39":1,"40":1,"41":0,"42":0,"43":0,"44":0,"45":0,"46":0,"47":0,"48":0,"49":0,"50":0,"51":0,"52":0,"53":0,"54":0,"55":0,"56":0,"57":0,"58":0,"59":0,"60":1,"61":1,"62":0,"63":0,"64":0,"65":0,"66":0,"67":0,"68":0,"69":0,"70":0,"71":0,"72":0,"73":0,"74":0,"75":1,"76":1,"77":0,"78":0,"79":0,"80":0,"81":0,"82":0,"83":0,"84":0,"85":0,"86":0,"87":0,"88":0,"89":0,"90":0,"91":0,"92":0,"93":0,"94":0,"95":0,"96":0,"97":1,"98":1,"99":1,"100":1},"f":{"0":1,"1":0,"2":1,"3":0,"4":0,"5":0,"6":1,"7":0,"8":0,"9":0,"10":1,"11":0,"12":0,"13":0,"14":1,"15":0,"16":0,"17":0,"18":1,"19":0,"20":0,"21":0},"b":{"0":[0,0,0,0,0],"1":[0,0,0,0,0],"2":[0,0,0,0,0,0,0],"3":[0,0],"4":[0,0,0,0,0],"5":[0,0,0,0,0,0,0],"6":[0,0]},"inputSourceMap":{"version":3,"sources":["TableService.js"],"names":["TableService","database","Table","findAll","newTable","console","log","create","id","updateTable","findOne","where","Number","tableToUpdate","update","theTable","tableToDelete","destroy","deletedTable"],"mappings":";;;;;;;;;;;;;;;;;AAAA;;IAEMA,Y;;;;;;;;;;;;;;;;;;;uBAGaC,mBAASC,KAAT,CAAeC,OAAf,E;;;;;;;;;;;;;;;;;;;;;;;;;;;;;qDAMKC,Q;;;;;;AAElBC,gBAAAA,OAAO,CAACC,GAAR,CAAYF,QAAZ;;uBACaH,mBAASC,KAAT,CAAeK,MAAf,CAAsBH,QAAtB,C;;;;;;;;;;;;;;;;;;;;;;;;;;;;;qDAMQI,E,EAAIC,Y;;;;;;;;uBAEGR,mBAASC,KAAT,CAAeQ,OAAf,CAAuB;AACjDC,kBAAAA,KAAK,EAAE;AAAEH,oBAAAA,EAAE,EAAEI,MAAM,CAACJ,EAAD;AAAZ;AAD0C,iBAAvB,C;;;AAAtBK,gBAAAA,a;;qBAIFA,a;;;;;;uBACIZ,mBAASC,KAAT,CAAeY,MAAf,CAAsBL,YAAtB,EAAmC;AAAEE,kBAAAA,KAAK,EAAE;AAAEH,oBAAAA,EAAE,EAAEI,MAAM,CAACJ,EAAD;AAAZ;AAAT,iBAAnC,C;;;kDAECC,Y;;;kDAEF,I;;;;;;;;;;;;;;;;;;;;;;;;;;qDAMWD,E;;;;;;;;uBAEKP,mBAASC,KAAT,CAAeQ,OAAf,CAAuB;AAC5CC,kBAAAA,KAAK,EAAE;AAAEH,oBAAAA,EAAE,EAAEI,MAAM,CAACJ,EAAD;AAAZ;AADqC,iBAAvB,C;;;AAAjBO,gBAAAA,Q;kDAICA,Q;;;;;;;;;;;;;;;;;;;;;;;;;;qDAMcP,E;;;;;;;;uBAEOP,mBAASC,KAAT,CAAeQ,OAAf,CAAuB;AAAEC,kBAAAA,KAAK,EAAE;AAAEH,oBAAAA,EAAE,EAAEI,MAAM,CAACJ,EAAD;AAAZ;AAAT,iBAAvB,C;;;AAAtBQ,gBAAAA,a;;qBAEFA,a;;;;;;uBACyBf,mBAASC,KAAT,CAAee,OAAf,CAAuB;AAChDN,kBAAAA,KAAK,EAAE;AAAEH,oBAAAA,EAAE,EAAEI,MAAM,CAACJ,EAAD;AAAZ;AADyC,iBAAvB,C;;;AAArBU,gBAAAA,Y;kDAGCA,Y;;;kDAEF,I;;;;;;;;;;;;;;;;;;;;;;;;;eAOElB,Y","sourceRoot":"/app/api/server/services","sourcesContent":["import database from '../src/models'\n\nclass TableService {\n  static async getAllTables() {\n    try {\n      return await database.Table.findAll()\n    } catch (error) {\n      throw error\n    }\n  }\n\n  static async addTable(newTable) {\n    try {\n      console.log(newTable)\n      return await database.Table.create(newTable)\n    } catch (error) {\n      throw error\n    }\n  }\n\n  static async updateTable(id, updateTable) {\n    try {\n      const tableToUpdate = await database.Table.findOne({\n        where: { id: Number(id) }\n      })\n\n      if (tableToUpdate) {\n        await database.Table.update(updateTable, { where: { id: Number(id) } })\n\n        return updateTable\n      }\n      return null\n    } catch (error) {\n      throw error\n    }\n  }\n\n  static async getTable(id) {\n    try {\n      const theTable = await database.Table.findOne({\n        where: { id: Number(id) }\n      })\n\n      return theTable\n    } catch (error) {\n      throw error\n    }\n  }\n\n  static async deleteTable(id) {\n    try {\n      const tableToDelete = await database.Table.findOne({ where: { id: Number(id) } })\n\n      if (tableToDelete) {\n        const deletedTable = await database.Table.destroy({\n          where: { id: Number(id) }\n        })\n        return deletedTable\n      }\n      return null\n    } catch (error) {\n      throw error\n    }\n  }\n}\n\nexport default TableService"]},"_coverageSchema":"1a1c01bbd47fc00a2c39e90264f33305004495a9","hash":"5f8afe4e18e6cfc90c5ef5aa204a1463dd37b70a","contentHash":"e2284bae0752bc777464c64ac58ad87bdb639f12591d51d1757c8bc03a1cd09b"}}